Determining if the pthread_create exist failed with the following output:
Change Dir: /home/student/catkin_ws/build/dual_xarm6_moveit_config/CMakeFiles/CMakeTmp

Run Build Command:"/usr/bin/make" "cmTC_7a2dc/fast"
/usr/bin/make -f CMakeFiles/cmTC_7a2dc.dir/build.make CMakeFiles/cmTC_7a2dc.dir/build
make[1]: Entering directory '/home/student/catkin_ws/build/dual_xarm6_moveit_config/CMakeFiles/CMakeTmp'
Building C object CMakeFiles/cmTC_7a2dc.dir/CheckSymbolExists.c.o
/usr/bin/cc    -o CMakeFiles/cmTC_7a2dc.dir/CheckSymbolExists.c.o   -c /home/student/catkin_ws/build/dual_xarm6_moveit_config/CMakeFiles/CMakeTmp/CheckSymbolExists.c
Linking C executable cmTC_7a2dc
/usr/bin/cmake -E cmake_link_script CMakeFiles/cmTC_7a2dc.dir/link.txt --verbose=1
/usr/bin/cc      -rdynamic CMakeFiles/cmTC_7a2dc.dir/CheckSymbolExists.c.o  -o cmTC_7a2dc 
CMakeFiles/cmTC_7a2dc.dir/CheckSymbolExists.c.o: In function `main':
CheckSymbolExists.c:(.text+0x1b): undefined reference to `pthread_create'
collect2: error: ld returned 1 exit status
CMakeFiles/cmTC_7a2dc.dir/build.make:97: recipe for target 'cmTC_7a2dc' failed
make[1]: *** [cmTC_7a2dc] Error 1
make[1]: Leaving directory '/home/student/catkin_ws/build/dual_xarm6_moveit_config/CMakeFiles/CMakeTmp'
Makefile:126: recipe for target 'cmTC_7a2dc/fast' failed
make: *** [cmTC_7a2dc/fast] Error 2

File /home/student/catkin_ws/build/dual_xarm6_moveit_config/CMakeFiles/CMakeTmp/CheckSymbolExists.c:
/* */
#include <pthread.h>

int main(int argc, char** argv)
{
  (void)argv;
#ifndef pthread_create
  return ((int*)(&pthread_create))[argc];
#else
  (void)argc;
  return 0;
#endif
}

Determining if the function pthread_create exists in the pthreads failed with the following output:
Change Dir: /home/student/catkin_ws/build/dual_xarm6_moveit_config/CMakeFiles/CMakeTmp

Run Build Command:"/usr/bin/make" "cmTC_3525e/fast"
/usr/bin/make -f CMakeFiles/cmTC_3525e.dir/build.make CMakeFiles/cmTC_3525e.dir/build
make[1]: Entering directory '/home/student/catkin_ws/build/dual_xarm6_moveit_config/CMakeFiles/CMakeTmp'
Building C object CMakeFiles/cmTC_3525e.dir/CheckFunctionExists.c.o
/usr/bin/cc   -DCHECK_FUNCTION_EXISTS=pthread_create   -o CMakeFiles/cmTC_3525e.dir/CheckFunctionExists.c.o   -c /usr/share/cmake-3.10/Modules/CheckFunctionExists.c
Linking C executable cmTC_3525e
/usr/bin/cmake -E cmake_link_script CMakeFiles/cmTC_3525e.dir/link.txt --verbose=1
/usr/bin/cc  -DCHECK_FUNCTION_EXISTS=pthread_create    -rdynamic CMakeFiles/cmTC_3525e.dir/CheckFunctionExists.c.o  -o cmTC_3525e -lpthreads 
/usr/bin/ld: cannot find -lpthreads
collect2: error: ld returned 1 exit status
CMakeFiles/cmTC_3525e.dir/build.make:97: recipe for target 'cmTC_3525e' failed
make[1]: *** [cmTC_3525e] Error 1
make[1]: Leaving directory '/home/student/catkin_ws/build/dual_xarm6_moveit_config/CMakeFiles/CMakeTmp'
Makefile:126: recipe for target 'cmTC_3525e/fast' failed
make: *** [cmTC_3525e/fast] Error 2


