Determining if the pthread_create exist failed with the following output:
Change Dir: /home/student/catkin_ws/build/my_depthai/CMakeFiles/CMakeTmp

Run Build Command:"/usr/bin/make" "cmTC_883bd/fast"
/usr/bin/make -f CMakeFiles/cmTC_883bd.dir/build.make CMakeFiles/cmTC_883bd.dir/build
make[1]: Entering directory '/home/student/catkin_ws/build/my_depthai/CMakeFiles/CMakeTmp'
Building C object CMakeFiles/cmTC_883bd.dir/CheckSymbolExists.c.o
/usr/bin/cc    -o CMakeFiles/cmTC_883bd.dir/CheckSymbolExists.c.o   -c /home/student/catkin_ws/build/my_depthai/CMakeFiles/CMakeTmp/CheckSymbolExists.c
Linking C executable cmTC_883bd
/usr/bin/cmake -E cmake_link_script CMakeFiles/cmTC_883bd.dir/link.txt --verbose=1
/usr/bin/cc      -rdynamic CMakeFiles/cmTC_883bd.dir/CheckSymbolExists.c.o  -o cmTC_883bd 
CMakeFiles/cmTC_883bd.dir/CheckSymbolExists.c.o: In function `main':
CheckSymbolExists.c:(.text+0x1b): undefined reference to `pthread_create'
collect2: error: ld returned 1 exit status
CMakeFiles/cmTC_883bd.dir/build.make:97: recipe for target 'cmTC_883bd' failed
make[1]: *** [cmTC_883bd] Error 1
make[1]: Leaving directory '/home/student/catkin_ws/build/my_depthai/CMakeFiles/CMakeTmp'
Makefile:126: recipe for target 'cmTC_883bd/fast' failed
make: *** [cmTC_883bd/fast] Error 2

File /home/student/catkin_ws/build/my_depthai/CMakeFiles/CMakeTmp/CheckSymbolExists.c:
/* */
#include <pthread.h>

int main(int argc, char** argv)
{
  (void)argv;
#ifndef pthread_create
  return ((int*)(&pthread_create))[argc];
#else
  (void)argc;
  return 0;
#endif
}

Determining if the function pthread_create exists in the pthreads failed with the following output:
Change Dir: /home/student/catkin_ws/build/my_depthai/CMakeFiles/CMakeTmp

Run Build Command:"/usr/bin/make" "cmTC_3c5f5/fast"
/usr/bin/make -f CMakeFiles/cmTC_3c5f5.dir/build.make CMakeFiles/cmTC_3c5f5.dir/build
make[1]: Entering directory '/home/student/catkin_ws/build/my_depthai/CMakeFiles/CMakeTmp'
Building C object CMakeFiles/cmTC_3c5f5.dir/CheckFunctionExists.c.o
/usr/bin/cc   -DCHECK_FUNCTION_EXISTS=pthread_create   -o CMakeFiles/cmTC_3c5f5.dir/CheckFunctionExists.c.o   -c /usr/share/cmake-3.10/Modules/CheckFunctionExists.c
Linking C executable cmTC_3c5f5
/usr/bin/cmake -E cmake_link_script CMakeFiles/cmTC_3c5f5.dir/link.txt --verbose=1
/usr/bin/cc  -DCHECK_FUNCTION_EXISTS=pthread_create    -rdynamic CMakeFiles/cmTC_3c5f5.dir/CheckFunctionExists.c.o  -o cmTC_3c5f5 -lpthreads 
/usr/bin/ld: cannot find -lpthreads
collect2: error: ld returned 1 exit status
CMakeFiles/cmTC_3c5f5.dir/build.make:97: recipe for target 'cmTC_3c5f5' failed
make[1]: *** [cmTC_3c5f5] Error 1
make[1]: Leaving directory '/home/student/catkin_ws/build/my_depthai/CMakeFiles/CMakeTmp'
Makefile:126: recipe for target 'cmTC_3c5f5/fast' failed
make: *** [cmTC_3c5f5/fast] Error 2


