Determining if the pthread_create exist failed with the following output:
Change Dir: /home/student/catkin_ws/build/depthai-ros/CMakeFiles/CMakeTmp

Run Build Command:"/usr/bin/make" "cmTC_45468/fast"
/usr/bin/make -f CMakeFiles/cmTC_45468.dir/build.make CMakeFiles/cmTC_45468.dir/build
make[1]: Entering directory '/home/student/catkin_ws/build/depthai-ros/CMakeFiles/CMakeTmp'
Building C object CMakeFiles/cmTC_45468.dir/CheckSymbolExists.c.o
/usr/bin/cc    -o CMakeFiles/cmTC_45468.dir/CheckSymbolExists.c.o   -c /home/student/catkin_ws/build/depthai-ros/CMakeFiles/CMakeTmp/CheckSymbolExists.c
Linking C executable cmTC_45468
/usr/bin/cmake -E cmake_link_script CMakeFiles/cmTC_45468.dir/link.txt --verbose=1
/usr/bin/cc      -rdynamic CMakeFiles/cmTC_45468.dir/CheckSymbolExists.c.o  -o cmTC_45468 
CMakeFiles/cmTC_45468.dir/CheckSymbolExists.c.o: In function `main':
CheckSymbolExists.c:(.text+0x1b): undefined reference to `pthread_create'
collect2: error: ld returned 1 exit status
CMakeFiles/cmTC_45468.dir/build.make:97: recipe for target 'cmTC_45468' failed
make[1]: *** [cmTC_45468] Error 1
make[1]: Leaving directory '/home/student/catkin_ws/build/depthai-ros/CMakeFiles/CMakeTmp'
Makefile:126: recipe for target 'cmTC_45468/fast' failed
make: *** [cmTC_45468/fast] Error 2

File /home/student/catkin_ws/build/depthai-ros/CMakeFiles/CMakeTmp/CheckSymbolExists.c:
/* */
#include <pthread.h>

int main(int argc, char** argv)
{
  (void)argv;
#ifndef pthread_create
  return ((int*)(&pthread_create))[argc];
#else
  (void)argc;
  return 0;
#endif
}

Determining if the function pthread_create exists in the pthreads failed with the following output:
Change Dir: /home/student/catkin_ws/build/depthai-ros/CMakeFiles/CMakeTmp

Run Build Command:"/usr/bin/make" "cmTC_cd0cf/fast"
/usr/bin/make -f CMakeFiles/cmTC_cd0cf.dir/build.make CMakeFiles/cmTC_cd0cf.dir/build
make[1]: Entering directory '/home/student/catkin_ws/build/depthai-ros/CMakeFiles/CMakeTmp'
Building C object CMakeFiles/cmTC_cd0cf.dir/CheckFunctionExists.c.o
/usr/bin/cc   -DCHECK_FUNCTION_EXISTS=pthread_create   -o CMakeFiles/cmTC_cd0cf.dir/CheckFunctionExists.c.o   -c /usr/share/cmake-3.10/Modules/CheckFunctionExists.c
Linking C executable cmTC_cd0cf
/usr/bin/cmake -E cmake_link_script CMakeFiles/cmTC_cd0cf.dir/link.txt --verbose=1
/usr/bin/cc  -DCHECK_FUNCTION_EXISTS=pthread_create    -rdynamic CMakeFiles/cmTC_cd0cf.dir/CheckFunctionExists.c.o  -o cmTC_cd0cf -lpthreads 
/usr/bin/ld: cannot find -lpthreads
collect2: error: ld returned 1 exit status
CMakeFiles/cmTC_cd0cf.dir/build.make:97: recipe for target 'cmTC_cd0cf' failed
make[1]: *** [cmTC_cd0cf] Error 1
make[1]: Leaving directory '/home/student/catkin_ws/build/depthai-ros/CMakeFiles/CMakeTmp'
Makefile:126: recipe for target 'cmTC_cd0cf/fast' failed
make: *** [cmTC_cd0cf/fast] Error 2


