[  4%] Built target depthai_ros_driver_gencfg
[  4%] Built target dynamic_reconfigure_gencfg
[  4%] Built target bond_generate_messages_nodejs
[  4%] Built target bond_generate_messages_cpp
[  4%] Built target nodelet_generate_messages_nodejs
[  4%] Built target nodelet_generate_messages_lisp
[  4%] Built target nodelet_generate_messages_eus
[  4%] Built target bond_generate_messages_py
[  4%] Built target nodelet_generate_messages_cpp
[  4%] Built target stereo_msgs_generate_messages_py
[  4%] Built target stereo_msgs_generate_messages_nodejs
[  4%] Built target stereo_msgs_generate_messages_eus
[  4%] Built target stereo_msgs_generate_messages_cpp
[  4%] Built target vision_msgs_generate_messages_nodejs
[  4%] Built target vision_msgs_generate_messages_eus
[  4%] Built target vision_msgs_generate_messages_cpp
[  4%] Built target depthai_ros_msgs_generate_messages_lisp
[  4%] Built target depthai_ros_msgs_generate_messages_eus
[  4%] Built target depthai_ros_msgs_generate_messages_cpp
[  4%] Built target geometry_msgs_generate_messages_py
[  4%] Built target dynamic_reconfigure_generate_messages_py
[  4%] Built target sensor_msgs_generate_messages_eus
[  4%] Built target sensor_msgs_generate_messages_cpp
[  4%] Built target std_msgs_generate_messages_lisp
[  4%] Built target stereo_msgs_generate_messages_lisp
[  4%] Built target geometry_msgs_generate_messages_cpp
[  4%] Built target geometry_msgs_generate_messages_lisp
[  4%] Built target sensor_msgs_generate_messages_py
[  4%] Built target vision_msgs_generate_messages_py
[  4%] Built target sensor_msgs_generate_messages_nodejs
[  4%] Built target roscpp_generate_messages_cpp
[  4%] Built target roscpp_generate_messages_py
[  4%] Built target vision_msgs_generate_messages_lisp
[  4%] Built target nodelet_generate_messages_py
[  4%] Built target std_msgs_generate_messages_cpp
[  4%] Built target depthai_ros_msgs_generate_messages_py
[  4%] Built target geometry_msgs_generate_messages_nodejs
[  4%] Built target bond_generate_messages_eus
[  4%] Built target roscpp_generate_messages_lisp
[  4%] Built target sensor_msgs_generate_messages_lisp
[  4%] Built target std_msgs_generate_messages_eus
[  4%] Built target rosgraph_msgs_generate_messages_nodejs
[  4%] Built target depthai_ros_msgs_generate_messages_nodejs
[  4%] Built target rosgraph_msgs_generate_messages_py
[  4%] Built target bond_generate_messages_lisp
[  4%] Built target std_msgs_generate_messages_nodejs
[  4%] Built target dynamic_reconfigure_generate_messages_eus
[  4%] Built target std_msgs_generate_messages_py
[  4%] Built target geometry_msgs_generate_messages_eus
[  4%] Built target roscpp_generate_messages_nodejs
[  4%] Built target roscpp_generate_messages_eus
[  4%] Built target dynamic_reconfigure_generate_messages_nodejs
[  4%] Built target rosgraph_msgs_generate_messages_eus
[  4%] Built target rosgraph_msgs_generate_messages_lisp
[  4%] Built target rosgraph_msgs_generate_messages_cpp
[  4%] Built target dynamic_reconfigure_generate_messages_cpp
[  4%] Built target dynamic_reconfigure_generate_messages_lisp
[100%] Built target depthai_ros_driver
