Determining if the pthread_create exist failed with the following output:
Change Dir: /home/student/catkin_ws/build/xarm_sdk/CMakeFiles/CMakeTmp

Run Build Command:"/usr/bin/make" "cmTC_39ee0/fast"
/usr/bin/make -f CMakeFiles/cmTC_39ee0.dir/build.make CMakeFiles/cmTC_39ee0.dir/build
make[1]: Entering directory '/home/student/catkin_ws/build/xarm_sdk/CMakeFiles/CMakeTmp'
Building C object CMakeFiles/cmTC_39ee0.dir/CheckSymbolExists.c.o
/usr/bin/cc    -o CMakeFiles/cmTC_39ee0.dir/CheckSymbolExists.c.o   -c /home/student/catkin_ws/build/xarm_sdk/CMakeFiles/CMakeTmp/CheckSymbolExists.c
Linking C executable cmTC_39ee0
/usr/bin/cmake -E cmake_link_script CMakeFiles/cmTC_39ee0.dir/link.txt --verbose=1
/usr/bin/cc      -rdynamic CMakeFiles/cmTC_39ee0.dir/CheckSymbolExists.c.o  -o cmTC_39ee0 
CMakeFiles/cmTC_39ee0.dir/CheckSymbolExists.c.o: In function `main':
CheckSymbolExists.c:(.text+0x1b): undefined reference to `pthread_create'
collect2: error: ld returned 1 exit status
CMakeFiles/cmTC_39ee0.dir/build.make:97: recipe for target 'cmTC_39ee0' failed
make[1]: *** [cmTC_39ee0] Error 1
make[1]: Leaving directory '/home/student/catkin_ws/build/xarm_sdk/CMakeFiles/CMakeTmp'
Makefile:126: recipe for target 'cmTC_39ee0/fast' failed
make: *** [cmTC_39ee0/fast] Error 2

File /home/student/catkin_ws/build/xarm_sdk/CMakeFiles/CMakeTmp/CheckSymbolExists.c:
/* */
#include <pthread.h>

int main(int argc, char** argv)
{
  (void)argv;
#ifndef pthread_create
  return ((int*)(&pthread_create))[argc];
#else
  (void)argc;
  return 0;
#endif
}

Determining if the function pthread_create exists in the pthreads failed with the following output:
Change Dir: /home/student/catkin_ws/build/xarm_sdk/CMakeFiles/CMakeTmp

Run Build Command:"/usr/bin/make" "cmTC_079cf/fast"
/usr/bin/make -f CMakeFiles/cmTC_079cf.dir/build.make CMakeFiles/cmTC_079cf.dir/build
make[1]: Entering directory '/home/student/catkin_ws/build/xarm_sdk/CMakeFiles/CMakeTmp'
Building C object CMakeFiles/cmTC_079cf.dir/CheckFunctionExists.c.o
/usr/bin/cc   -DCHECK_FUNCTION_EXISTS=pthread_create   -o CMakeFiles/cmTC_079cf.dir/CheckFunctionExists.c.o   -c /usr/share/cmake-3.10/Modules/CheckFunctionExists.c
Linking C executable cmTC_079cf
/usr/bin/cmake -E cmake_link_script CMakeFiles/cmTC_079cf.dir/link.txt --verbose=1
/usr/bin/cc  -DCHECK_FUNCTION_EXISTS=pthread_create    -rdynamic CMakeFiles/cmTC_079cf.dir/CheckFunctionExists.c.o  -o cmTC_079cf -lpthreads 
/usr/bin/ld: cannot find -lpthreads
collect2: error: ld returned 1 exit status
CMakeFiles/cmTC_079cf.dir/build.make:97: recipe for target 'cmTC_079cf' failed
make[1]: *** [cmTC_079cf] Error 1
make[1]: Leaving directory '/home/student/catkin_ws/build/xarm_sdk/CMakeFiles/CMakeTmp'
Makefile:126: recipe for target 'cmTC_079cf/fast' failed
make: *** [cmTC_079cf/fast] Error 2


