Determining if the pthread_create exist failed with the following output:
Change Dir: /home/student/catkin_ws/build/xarm_description/CMakeFiles/CMakeTmp

Run Build Command:"/usr/bin/make" "cmTC_7fa1c/fast"
/usr/bin/make -f CMakeFiles/cmTC_7fa1c.dir/build.make CMakeFiles/cmTC_7fa1c.dir/build
make[1]: Entering directory '/home/student/catkin_ws/build/xarm_description/CMakeFiles/CMakeTmp'
Building C object CMakeFiles/cmTC_7fa1c.dir/CheckSymbolExists.c.o
/usr/bin/cc    -o CMakeFiles/cmTC_7fa1c.dir/CheckSymbolExists.c.o   -c /home/student/catkin_ws/build/xarm_description/CMakeFiles/CMakeTmp/CheckSymbolExists.c
Linking C executable cmTC_7fa1c
/usr/bin/cmake -E cmake_link_script CMakeFiles/cmTC_7fa1c.dir/link.txt --verbose=1
/usr/bin/cc      -rdynamic CMakeFiles/cmTC_7fa1c.dir/CheckSymbolExists.c.o  -o cmTC_7fa1c 
CMakeFiles/cmTC_7fa1c.dir/CheckSymbolExists.c.o: In function `main':
CheckSymbolExists.c:(.text+0x1b): undefined reference to `pthread_create'
collect2: error: ld returned 1 exit status
CMakeFiles/cmTC_7fa1c.dir/build.make:97: recipe for target 'cmTC_7fa1c' failed
make[1]: *** [cmTC_7fa1c] Error 1
make[1]: Leaving directory '/home/student/catkin_ws/build/xarm_description/CMakeFiles/CMakeTmp'
Makefile:126: recipe for target 'cmTC_7fa1c/fast' failed
make: *** [cmTC_7fa1c/fast] Error 2

File /home/student/catkin_ws/build/xarm_description/CMakeFiles/CMakeTmp/CheckSymbolExists.c:
/* */
#include <pthread.h>

int main(int argc, char** argv)
{
  (void)argv;
#ifndef pthread_create
  return ((int*)(&pthread_create))[argc];
#else
  (void)argc;
  return 0;
#endif
}

Determining if the function pthread_create exists in the pthreads failed with the following output:
Change Dir: /home/student/catkin_ws/build/xarm_description/CMakeFiles/CMakeTmp

Run Build Command:"/usr/bin/make" "cmTC_8fb5b/fast"
/usr/bin/make -f CMakeFiles/cmTC_8fb5b.dir/build.make CMakeFiles/cmTC_8fb5b.dir/build
make[1]: Entering directory '/home/student/catkin_ws/build/xarm_description/CMakeFiles/CMakeTmp'
Building C object CMakeFiles/cmTC_8fb5b.dir/CheckFunctionExists.c.o
/usr/bin/cc   -DCHECK_FUNCTION_EXISTS=pthread_create   -o CMakeFiles/cmTC_8fb5b.dir/CheckFunctionExists.c.o   -c /usr/share/cmake-3.10/Modules/CheckFunctionExists.c
Linking C executable cmTC_8fb5b
/usr/bin/cmake -E cmake_link_script CMakeFiles/cmTC_8fb5b.dir/link.txt --verbose=1
/usr/bin/cc  -DCHECK_FUNCTION_EXISTS=pthread_create    -rdynamic CMakeFiles/cmTC_8fb5b.dir/CheckFunctionExists.c.o  -o cmTC_8fb5b -lpthreads 
/usr/bin/ld: cannot find -lpthreads
collect2: error: ld returned 1 exit status
CMakeFiles/cmTC_8fb5b.dir/build.make:97: recipe for target 'cmTC_8fb5b' failed
make[1]: *** [cmTC_8fb5b] Error 1
make[1]: Leaving directory '/home/student/catkin_ws/build/xarm_description/CMakeFiles/CMakeTmp'
Makefile:126: recipe for target 'cmTC_8fb5b/fast' failed
make: *** [cmTC_8fb5b/fast] Error 2


