Determining if the pthread_create exist failed with the following output:
Change Dir: /home/student/catkin_ws/build/xarm_bringup/CMakeFiles/CMakeTmp

Run Build Command:"/usr/bin/make" "cmTC_fa622/fast"
/usr/bin/make -f CMakeFiles/cmTC_fa622.dir/build.make CMakeFiles/cmTC_fa622.dir/build
make[1]: Entering directory '/home/student/catkin_ws/build/xarm_bringup/CMakeFiles/CMakeTmp'
Building C object CMakeFiles/cmTC_fa622.dir/CheckSymbolExists.c.o
/usr/bin/cc    -o CMakeFiles/cmTC_fa622.dir/CheckSymbolExists.c.o   -c /home/student/catkin_ws/build/xarm_bringup/CMakeFiles/CMakeTmp/CheckSymbolExists.c
Linking C executable cmTC_fa622
/usr/bin/cmake -E cmake_link_script CMakeFiles/cmTC_fa622.dir/link.txt --verbose=1
/usr/bin/cc      -rdynamic CMakeFiles/cmTC_fa622.dir/CheckSymbolExists.c.o  -o cmTC_fa622 
CMakeFiles/cmTC_fa622.dir/CheckSymbolExists.c.o: In function `main':
CheckSymbolExists.c:(.text+0x1b): undefined reference to `pthread_create'
collect2: error: ld returned 1 exit status
CMakeFiles/cmTC_fa622.dir/build.make:97: recipe for target 'cmTC_fa622' failed
make[1]: *** [cmTC_fa622] Error 1
make[1]: Leaving directory '/home/student/catkin_ws/build/xarm_bringup/CMakeFiles/CMakeTmp'
Makefile:126: recipe for target 'cmTC_fa622/fast' failed
make: *** [cmTC_fa622/fast] Error 2

File /home/student/catkin_ws/build/xarm_bringup/CMakeFiles/CMakeTmp/CheckSymbolExists.c:
/* */
#include <pthread.h>

int main(int argc, char** argv)
{
  (void)argv;
#ifndef pthread_create
  return ((int*)(&pthread_create))[argc];
#else
  (void)argc;
  return 0;
#endif
}

Determining if the function pthread_create exists in the pthreads failed with the following output:
Change Dir: /home/student/catkin_ws/build/xarm_bringup/CMakeFiles/CMakeTmp

Run Build Command:"/usr/bin/make" "cmTC_b8bc6/fast"
/usr/bin/make -f CMakeFiles/cmTC_b8bc6.dir/build.make CMakeFiles/cmTC_b8bc6.dir/build
make[1]: Entering directory '/home/student/catkin_ws/build/xarm_bringup/CMakeFiles/CMakeTmp'
Building C object CMakeFiles/cmTC_b8bc6.dir/CheckFunctionExists.c.o
/usr/bin/cc   -DCHECK_FUNCTION_EXISTS=pthread_create   -o CMakeFiles/cmTC_b8bc6.dir/CheckFunctionExists.c.o   -c /usr/share/cmake-3.10/Modules/CheckFunctionExists.c
Linking C executable cmTC_b8bc6
/usr/bin/cmake -E cmake_link_script CMakeFiles/cmTC_b8bc6.dir/link.txt --verbose=1
/usr/bin/cc  -DCHECK_FUNCTION_EXISTS=pthread_create    -rdynamic CMakeFiles/cmTC_b8bc6.dir/CheckFunctionExists.c.o  -o cmTC_b8bc6 -lpthreads 
/usr/bin/ld: cannot find -lpthreads
collect2: error: ld returned 1 exit status
CMakeFiles/cmTC_b8bc6.dir/build.make:97: recipe for target 'cmTC_b8bc6' failed
make[1]: *** [cmTC_b8bc6] Error 1
make[1]: Leaving directory '/home/student/catkin_ws/build/xarm_bringup/CMakeFiles/CMakeTmp'
Makefile:126: recipe for target 'cmTC_b8bc6/fast' failed
make: *** [cmTC_b8bc6/fast] Error 2


