Determining if the pthread_create exist failed with the following output:
Change Dir: /home/student/catkin_ws/build/depthai_ros_driver/CMakeFiles/CMakeTmp

Run Build Command:"/usr/bin/make" "cmTC_ec00a/fast"
/usr/bin/make -f CMakeFiles/cmTC_ec00a.dir/build.make CMakeFiles/cmTC_ec00a.dir/build
make[1]: Entering directory '/home/student/catkin_ws/build/depthai_ros_driver/CMakeFiles/CMakeTmp'
Building C object CMakeFiles/cmTC_ec00a.dir/CheckSymbolExists.c.o
/usr/bin/cc    -o CMakeFiles/cmTC_ec00a.dir/CheckSymbolExists.c.o   -c /home/student/catkin_ws/build/depthai_ros_driver/CMakeFiles/CMakeTmp/CheckSymbolExists.c
Linking C executable cmTC_ec00a
/usr/bin/cmake -E cmake_link_script CMakeFiles/cmTC_ec00a.dir/link.txt --verbose=1
/usr/bin/cc      -rdynamic CMakeFiles/cmTC_ec00a.dir/CheckSymbolExists.c.o  -o cmTC_ec00a 
CMakeFiles/cmTC_ec00a.dir/CheckSymbolExists.c.o: In function `main':
CheckSymbolExists.c:(.text+0x1b): undefined reference to `pthread_create'
collect2: error: ld returned 1 exit status
CMakeFiles/cmTC_ec00a.dir/build.make:97: recipe for target 'cmTC_ec00a' failed
make[1]: *** [cmTC_ec00a] Error 1
make[1]: Leaving directory '/home/student/catkin_ws/build/depthai_ros_driver/CMakeFiles/CMakeTmp'
Makefile:126: recipe for target 'cmTC_ec00a/fast' failed
make: *** [cmTC_ec00a/fast] Error 2

File /home/student/catkin_ws/build/depthai_ros_driver/CMakeFiles/CMakeTmp/CheckSymbolExists.c:
/* */
#include <pthread.h>

int main(int argc, char** argv)
{
  (void)argv;
#ifndef pthread_create
  return ((int*)(&pthread_create))[argc];
#else
  (void)argc;
  return 0;
#endif
}

Determining if the function pthread_create exists in the pthreads failed with the following output:
Change Dir: /home/student/catkin_ws/build/depthai_ros_driver/CMakeFiles/CMakeTmp

Run Build Command:"/usr/bin/make" "cmTC_8ef70/fast"
/usr/bin/make -f CMakeFiles/cmTC_8ef70.dir/build.make CMakeFiles/cmTC_8ef70.dir/build
make[1]: Entering directory '/home/student/catkin_ws/build/depthai_ros_driver/CMakeFiles/CMakeTmp'
Building C object CMakeFiles/cmTC_8ef70.dir/CheckFunctionExists.c.o
/usr/bin/cc   -DCHECK_FUNCTION_EXISTS=pthread_create   -o CMakeFiles/cmTC_8ef70.dir/CheckFunctionExists.c.o   -c /usr/share/cmake-3.10/Modules/CheckFunctionExists.c
Linking C executable cmTC_8ef70
/usr/bin/cmake -E cmake_link_script CMakeFiles/cmTC_8ef70.dir/link.txt --verbose=1
/usr/bin/cc  -DCHECK_FUNCTION_EXISTS=pthread_create    -rdynamic CMakeFiles/cmTC_8ef70.dir/CheckFunctionExists.c.o  -o cmTC_8ef70 -lpthreads 
/usr/bin/ld: cannot find -lpthreads
collect2: error: ld returned 1 exit status
CMakeFiles/cmTC_8ef70.dir/build.make:97: recipe for target 'cmTC_8ef70' failed
make[1]: *** [cmTC_8ef70] Error 1
make[1]: Leaving directory '/home/student/catkin_ws/build/depthai_ros_driver/CMakeFiles/CMakeTmp'
Makefile:126: recipe for target 'cmTC_8ef70/fast' failed
make: *** [cmTC_8ef70/fast] Error 2


