[  0%] Built target geometry_msgs_generate_messages_cpp
[  0%] Built target _xarm_planner_generate_messages_check_deps_pose_plan
[  0%] Built target std_msgs_generate_messages_cpp
[  0%] Built target _xarm_planner_generate_messages_check_deps_single_straight_plan
[  0%] Built target _xarm_planner_generate_messages_check_deps_joint_plan
[  0%] Built target _xarm_planner_generate_messages_check_deps_exec_plan
[  0%] Built target std_msgs_generate_messages_nodejs
[  0%] Built target geometry_msgs_generate_messages_nodejs
[  0%] Built target geometry_msgs_generate_messages_eus
[  0%] Built target std_msgs_generate_messages_eus
[  0%] Built target xarm_msgs_generate_messages_cpp
[  0%] Built target std_msgs_generate_messages_lisp
[  0%] Built target geometry_msgs_generate_messages_lisp
[  0%] Built target std_msgs_generate_messages_py
[  0%] Built target geometry_msgs_generate_messages_py
[ 14%] Built target xarm_planner_generate_messages_cpp
[ 28%] Built target xarm_planner_generate_messages_nodejs
[ 46%] Built target xarm_planner_generate_messages_eus
[ 60%] Built target xarm_planner_generate_messages_lisp
[ 78%] Built target xarm_planner_generate_messages_py
[ 85%] Built target xarm_simple_planner_test
[ 85%] Built target xarm_planner_generate_messages
[ 92%] Built target xarm_gripper_planner
[100%] Built target xarm_simple_planner
