[01m[K/home/student/catkin_ws/src/my_depthai/ros1_src/stereo_nodelet.cpp:[m[K In member function ‘[01m[Kvirtual void depthai_examples::StereoNodelet::onInit()[m[K’:
[01m[K/home/student/catkin_ws/src/my_depthai/ros1_src/stereo_nodelet.cpp:94:118:[m[K [01;35m[Kwarning: [m[K‘[01m[KLEFT[m[K’ is deprecated [[01;35m[K-Wdeprecated-declarations[m[K]
             auto leftCameraInfo = leftConverter->calibrationToCameraInfo(calibrationHandler, dai::CameraBoardSocket::[01;35m[KLEFT[m[K, monoWidth, monoHeight);
                                                                                                                      [01;35m[K^~~~[m[K
In file included from [01m[K/usr/local/include/depthai/device/CalibrationHandler.hpp:5:0[m[K,
                 from [01m[K/usr/local/include/depthai/depthai.hpp:9[m[K,
                 from [01m[K/home/student/catkin_ws/src/my_depthai/ros1_src/stereo_nodelet.cpp:11[m[K:
[01m[K/usr/local/include/depthai-shared/common/CameraBoardSocket.hpp:24:5:[m[K [01;36m[Knote: [m[Kdeclared here
     [01;36m[KLEFT[m[K [[deprecated]] = CAM_B,
     [01;36m[K^~~~[m[K
[01m[K/home/student/catkin_ws/src/my_depthai/ros1_src/stereo_nodelet.cpp:94:118:[m[K [01;35m[Kwarning: [m[K‘[01m[KLEFT[m[K’ is deprecated [[01;35m[K-Wdeprecated-declarations[m[K]
             auto leftCameraInfo = leftConverter->calibrationToCameraInfo(calibrationHandler, dai::CameraBoardSocket::[01;35m[KLEFT[m[K, monoWidth, monoHeight);
                                                                                                                      [01;35m[K^~~~[m[K
In file included from [01m[K/usr/local/include/depthai/device/CalibrationHandler.hpp:5:0[m[K,
                 from [01m[K/usr/local/include/depthai/depthai.hpp:9[m[K,
                 from [01m[K/home/student/catkin_ws/src/my_depthai/ros1_src/stereo_nodelet.cpp:11[m[K:
[01m[K/usr/local/include/depthai-shared/common/CameraBoardSocket.hpp:24:5:[m[K [01;36m[Knote: [m[Kdeclared here
     [01;36m[KLEFT[m[K [[deprecated]] = CAM_B,
     [01;36m[K^~~~[m[K
[01m[K/home/student/catkin_ws/src/my_depthai/ros1_src/stereo_nodelet.cpp:112:120:[m[K [01;35m[Kwarning: [m[K‘[01m[KRIGHT[m[K’ is deprecated [[01;35m[K-Wdeprecated-declarations[m[K]
             auto rightCameraInfo = rightConverter->calibrationToCameraInfo(calibrationHandler, dai::CameraBoardSocket::[01;35m[KRIGHT[m[K, monoWidth, monoHeight);
                                                                                                                        [01;35m[K^~~~~[m[K
In file included from [01m[K/usr/local/include/depthai/device/CalibrationHandler.hpp:5:0[m[K,
                 from [01m[K/usr/local/include/depthai/depthai.hpp:9[m[K,
                 from [01m[K/home/student/catkin_ws/src/my_depthai/ros1_src/stereo_nodelet.cpp:11[m[K:
[01m[K/usr/local/include/depthai-shared/common/CameraBoardSocket.hpp:25:5:[m[K [01;36m[Knote: [m[Kdeclared here
     [01;36m[KRIGHT[m[K [[deprecated]] = CAM_C,
     [01;36m[K^~~~~[m[K
[01m[K/home/student/catkin_ws/src/my_depthai/ros1_src/stereo_nodelet.cpp:112:120:[m[K [01;35m[Kwarning: [m[K‘[01m[KRIGHT[m[K’ is deprecated [[01;35m[K-Wdeprecated-declarations[m[K]
             auto rightCameraInfo = rightConverter->calibrationToCameraInfo(calibrationHandler, dai::CameraBoardSocket::[01;35m[KRIGHT[m[K, monoWidth, monoHeight);
                                                                                                                        [01;35m[K^~~~~[m[K
In file included from [01m[K/usr/local/include/depthai/device/CalibrationHandler.hpp:5:0[m[K,
                 from [01m[K/usr/local/include/depthai/depthai.hpp:9[m[K,
                 from [01m[K/home/student/catkin_ws/src/my_depthai/ros1_src/stereo_nodelet.cpp:11[m[K:
[01m[K/usr/local/include/depthai-shared/common/CameraBoardSocket.hpp:25:5:[m[K [01;36m[Knote: [m[Kdeclared here
     [01;36m[KRIGHT[m[K [[deprecated]] = CAM_C,
     [01;36m[K^~~~~[m[K
[01m[K/home/student/catkin_ws/src/my_depthai/ros1_src/stereo_nodelet.cpp:[m[K In member function ‘[01m[Kstd::tuple<dai::Pipeline, int, int> depthai_examples::StereoNodelet::createPipeline(bool, bool, bool, bool, int, int, std::__cxx11::string)[m[K’:
[01m[K/home/student/catkin_ws/src/my_depthai/ros1_src/stereo_nodelet.cpp:195:58:[m[K [01;35m[Kwarning: [m[K‘[01m[KLEFT[m[K’ is deprecated [[01;35m[K-Wdeprecated-declarations[m[K]
         monoLeft->setBoardSocket(dai::CameraBoardSocket::[01;35m[KLEFT[m[K);
                                                          [01;35m[K^~~~[m[K
In file included from [01m[K/usr/local/include/depthai/device/CalibrationHandler.hpp:5:0[m[K,
                 from [01m[K/usr/local/include/depthai/depthai.hpp:9[m[K,
                 from [01m[K/home/student/catkin_ws/src/my_depthai/ros1_src/stereo_nodelet.cpp:11[m[K:
[01m[K/usr/local/include/depthai-shared/common/CameraBoardSocket.hpp:24:5:[m[K [01;36m[Knote: [m[Kdeclared here
     [01;36m[KLEFT[m[K [[deprecated]] = CAM_B,
     [01;36m[K^~~~[m[K
[01m[K/home/student/catkin_ws/src/my_depthai/ros1_src/stereo_nodelet.cpp:195:58:[m[K [01;35m[Kwarning: [m[K‘[01m[KLEFT[m[K’ is deprecated [[01;35m[K-Wdeprecated-declarations[m[K]
         monoLeft->setBoardSocket(dai::CameraBoardSocket::[01;35m[KLEFT[m[K);
                                                          [01;35m[K^~~~[m[K
In file included from [01m[K/usr/local/include/depthai/device/CalibrationHandler.hpp:5:0[m[K,
                 from [01m[K/usr/local/include/depthai/depthai.hpp:9[m[K,
                 from [01m[K/home/student/catkin_ws/src/my_depthai/ros1_src/stereo_nodelet.cpp:11[m[K:
[01m[K/usr/local/include/depthai-shared/common/CameraBoardSocket.hpp:24:5:[m[K [01;36m[Knote: [m[Kdeclared here
     [01;36m[KLEFT[m[K [[deprecated]] = CAM_B,
     [01;36m[K^~~~[m[K
[01m[K/home/student/catkin_ws/src/my_depthai/ros1_src/stereo_nodelet.cpp:197:59:[m[K [01;35m[Kwarning: [m[K‘[01m[KRIGHT[m[K’ is deprecated [[01;35m[K-Wdeprecated-declarations[m[K]
         monoRight->setBoardSocket(dai::CameraBoardSocket::[01;35m[KRIGHT[m[K);
                                                           [01;35m[K^~~~~[m[K
In file included from [01m[K/usr/local/include/depthai/device/CalibrationHandler.hpp:5:0[m[K,
                 from [01m[K/usr/local/include/depthai/depthai.hpp:9[m[K,
                 from [01m[K/home/student/catkin_ws/src/my_depthai/ros1_src/stereo_nodelet.cpp:11[m[K:
[01m[K/usr/local/include/depthai-shared/common/CameraBoardSocket.hpp:25:5:[m[K [01;36m[Knote: [m[Kdeclared here
     [01;36m[KRIGHT[m[K [[deprecated]] = CAM_C,
     [01;36m[K^~~~~[m[K
[01m[K/home/student/catkin_ws/src/my_depthai/ros1_src/stereo_nodelet.cpp:197:59:[m[K [01;35m[Kwarning: [m[K‘[01m[KRIGHT[m[K’ is deprecated [[01;35m[K-Wdeprecated-declarations[m[K]
         monoRight->setBoardSocket(dai::CameraBoardSocket::[01;35m[KRIGHT[m[K);
                                                           [01;35m[K^~~~~[m[K
In file included from [01m[K/usr/local/include/depthai/device/CalibrationHandler.hpp:5:0[m[K,
                 from [01m[K/usr/local/include/depthai/depthai.hpp:9[m[K,
                 from [01m[K/home/student/catkin_ws/src/my_depthai/ros1_src/stereo_nodelet.cpp:11[m[K:
[01m[K/usr/local/include/depthai-shared/common/CameraBoardSocket.hpp:25:5:[m[K [01;36m[Knote: [m[Kdeclared here
     [01;36m[KRIGHT[m[K [[deprecated]] = CAM_C,
     [01;36m[K^~~~~[m[K
[01m[K/home/student/catkin_ws/src/my_depthai/ros1_src/stereo_inertial_nn_publisher.cpp:[m[K In function ‘[01m[Kint main(int, char**)[m[K’:
[01m[K/home/student/catkin_ws/src/my_depthai/ros1_src/stereo_inertial_nn_publisher.cpp:250:68:[m[K [01;35m[Kwarning: [m[K‘[01m[Kbool dai::DeviceBase::setIrLaserDotProjectorBrightness(float, int)[m[K’ is deprecated: Use setIrLaserDotProjectorIntensity(float intensity) instead. [[01;35m[K-Wdeprecated-declarations[m[K]
             device->setIrLaserDotProjectorBrightness(dotProjectormA[01;35m[K)[m[K;
                                                                    [01;35m[K^[m[K
In file included from [01m[K/usr/local/include/depthai/device/Device.hpp:14:0[m[K,
                 from [01m[K/usr/local/include/depthai/depthai.hpp:10[m[K,
                 from [01m[K/home/student/catkin_ws/src/depth-ai-avans/depthai_bridge/include/depthai_bridge/BridgePublisher.hpp:11[m[K,
                 from [01m[K/home/student/catkin_ws/src/my_depthai/ros1_src/stereo_inertial_nn_publisher.cpp:24[m[K:
[01m[K/usr/local/include/depthai/device/DeviceBase.hpp:509:90:[m[K [01;36m[Knote: [m[Kdeclared here
     [[deprecated("Use setIrLaserDotProjectorIntensity(float intensity) instead.")]] bool [01;36m[KsetIrLaserDotProjectorBrightness[m[K(float mA, int mask = -1);
                                                                                          [01;36m[K^~~~~~~~~~~~~~~~~~~~~~~~~~~~~~~~[m[K
[01m[K/home/student/catkin_ws/src/my_depthai/ros1_src/stereo_inertial_nn_publisher.cpp:254:59:[m[K [01;35m[Kwarning: [m[K‘[01m[Kbool dai::DeviceBase::setIrFloodLightBrightness(float, int)[m[K’ is deprecated: Use setIrFloodLightIntensity(float intensity) instead. [[01;35m[K-Wdeprecated-declarations[m[K]
             device->setIrFloodLightBrightness(floodLightmA[01;35m[K)[m[K;
                                                           [01;35m[K^[m[K
In file included from [01m[K/usr/local/include/depthai/device/Device.hpp:14:0[m[K,
                 from [01m[K/usr/local/include/depthai/depthai.hpp:10[m[K,
                 from [01m[K/home/student/catkin_ws/src/depth-ai-avans/depthai_bridge/include/depthai_bridge/BridgePublisher.hpp:11[m[K,
                 from [01m[K/home/student/catkin_ws/src/my_depthai/ros1_src/stereo_inertial_nn_publisher.cpp:24[m[K:
[01m[K/usr/local/include/depthai/device/DeviceBase.hpp:521:83:[m[K [01;36m[Knote: [m[Kdeclared here
     [[deprecated("Use setIrFloodLightIntensity(float intensity) instead.")]] bool [01;36m[KsetIrFloodLightBrightness[m[K(float mA, int mask = -1);
                                                                                   [01;36m[K^~~~~~~~~~~~~~~~~~~~~~~~~[m[K
[01m[K/home/student/catkin_ws/src/my_depthai/ros1_src/stereo_inertial_nn_publisher.cpp:279:106:[m[K [01;35m[Kwarning: [m[K‘[01m[KRIGHT[m[K’ is deprecated [[01;35m[K-Wdeprecated-declarations[m[K]
     auto rightCameraInfo = converter.calibrationToCameraInfo(calibrationHandler, dai::CameraBoardSocket::[01;35m[KRIGHT[m[K, image_width, image_height);
                                                                                                          [01;35m[K^~~~~[m[K
In file included from [01m[K/usr/local/include/depthai/device/CalibrationHandler.hpp:5:0[m[K,
                 from [01m[K/usr/local/include/depthai/depthai.hpp:9[m[K,
                 from [01m[K/home/student/catkin_ws/src/depth-ai-avans/depthai_bridge/include/depthai_bridge/BridgePublisher.hpp:11[m[K,
                 from [01m[K/home/student/catkin_ws/src/my_depthai/ros1_src/stereo_inertial_nn_publisher.cpp:24[m[K:
[01m[K/usr/local/include/depthai-shared/common/CameraBoardSocket.hpp:25:5:[m[K [01;36m[Knote: [m[Kdeclared here
     [01;36m[KRIGHT[m[K [[deprecated]] = CAM_C,
     [01;36m[K^~~~~[m[K
[01m[K/home/student/catkin_ws/src/my_depthai/ros1_src/stereo_inertial_nn_publisher.cpp:279:106:[m[K [01;35m[Kwarning: [m[K‘[01m[KRIGHT[m[K’ is deprecated [[01;35m[K-Wdeprecated-declarations[m[K]
     auto rightCameraInfo = converter.calibrationToCameraInfo(calibrationHandler, dai::CameraBoardSocket::[01;35m[KRIGHT[m[K, image_width, image_height);
                                                                                                          [01;35m[K^~~~~[m[K
In file included from [01m[K/usr/local/include/depthai/device/CalibrationHandler.hpp:5:0[m[K,
                 from [01m[K/usr/local/include/depthai/depthai.hpp:9[m[K,
                 from [01m[K/home/student/catkin_ws/src/depth-ai-avans/depthai_bridge/include/depthai_bridge/BridgePublisher.hpp:11[m[K,
                 from [01m[K/home/student/catkin_ws/src/my_depthai/ros1_src/stereo_inertial_nn_publisher.cpp:24[m[K:
[01m[K/usr/local/include/depthai-shared/common/CameraBoardSocket.hpp:25:5:[m[K [01;36m[Knote: [m[Kdeclared here
     [01;36m[KRIGHT[m[K [[deprecated]] = CAM_C,
     [01;36m[K^~~~~[m[K
[01m[K/home/student/catkin_ws/src/my_depthai/ros1_src/stereo_inertial_nn_publisher.cpp:283:109:[m[K [01;35m[Kwarning: [m[K‘[01m[KRGB[m[K’ is deprecated [[01;35m[K-Wdeprecated-declarations[m[K]
     auto depthCameraInfo = rgbConverter.calibrationToCameraInfo(calibrationHandler, dai::CameraBoardSocket::[01;35m[KRGB[m[K, image_width, image_height);
                                                                                                             [01;35m[K^~~[m[K
In file included from [01m[K/usr/local/include/depthai/device/CalibrationHandler.hpp:5:0[m[K,
                 from [01m[K/usr/local/include/depthai/depthai.hpp:9[m[K,
                 from [01m[K/home/student/catkin_ws/src/depth-ai-avans/depthai_bridge/include/depthai_bridge/BridgePublisher.hpp:11[m[K,
                 from [01m[K/home/student/catkin_ws/src/my_depthai/ros1_src/stereo_inertial_nn_publisher.cpp:24[m[K:
[01m[K/usr/local/include/depthai-shared/common/CameraBoardSocket.hpp:22:5:[m[K [01;36m[Knote: [m[Kdeclared here
     [01;36m[KRGB[m[K [[deprecated]] = CAM_A,
     [01;36m[K^~~[m[K
[01m[K/home/student/catkin_ws/src/my_depthai/ros1_src/stereo_inertial_nn_publisher.cpp:283:109:[m[K [01;35m[Kwarning: [m[K‘[01m[KRGB[m[K’ is deprecated [[01;35m[K-Wdeprecated-declarations[m[K]
     auto depthCameraInfo = rgbConverter.calibrationToCameraInfo(calibrationHandler, dai::CameraBoardSocket::[01;35m[KRGB[m[K, image_width, image_height);
                                                                                                             [01;35m[K^~~[m[K
In file included from [01m[K/usr/local/include/depthai/device/CalibrationHandler.hpp:5:0[m[K,
                 from [01m[K/usr/local/include/depthai/depthai.hpp:9[m[K,
                 from [01m[K/home/student/catkin_ws/src/depth-ai-avans/depthai_bridge/include/depthai_bridge/BridgePublisher.hpp:11[m[K,
                 from [01m[K/home/student/catkin_ws/src/my_depthai/ros1_src/stereo_inertial_nn_publisher.cpp:24[m[K:
[01m[K/usr/local/include/depthai-shared/common/CameraBoardSocket.hpp:22:5:[m[K [01;36m[Knote: [m[Kdeclared here
     [01;36m[KRGB[m[K [[deprecated]] = CAM_A,
     [01;36m[K^~~[m[K
[01m[K/home/student/catkin_ws/src/my_depthai/ros1_src/stereo_inertial_nn_publisher.cpp:298:107:[m[K [01;35m[Kwarning: [m[K‘[01m[KRGB[m[K’ is deprecated [[01;35m[K-Wdeprecated-declarations[m[K]
     auto rgbCameraInfo = rgbConverter.calibrationToCameraInfo(calibrationHandler, dai::CameraBoardSocket::[01;35m[KRGB[m[K, image_width, image_height);
                                                                                                           [01;35m[K^~~[m[K
In file included from [01m[K/usr/local/include/depthai/device/CalibrationHandler.hpp:5:0[m[K,
                 from [01m[K/usr/local/include/depthai/depthai.hpp:9[m[K,
                 from [01m[K/home/student/catkin_ws/src/depth-ai-avans/depthai_bridge/include/depthai_bridge/BridgePublisher.hpp:11[m[K,
                 from [01m[K/home/student/catkin_ws/src/my_depthai/ros1_src/stereo_inertial_nn_publisher.cpp:24[m[K:
[01m[K/usr/local/include/depthai-shared/common/CameraBoardSocket.hpp:22:5:[m[K [01;36m[Knote: [m[Kdeclared here
     [01;36m[KRGB[m[K [[deprecated]] = CAM_A,
     [01;36m[K^~~[m[K
[01m[K/home/student/catkin_ws/src/my_depthai/ros1_src/stereo_inertial_nn_publisher.cpp:298:107:[m[K [01;35m[Kwarning: [m[K‘[01m[KRGB[m[K’ is deprecated [[01;35m[K-Wdeprecated-declarations[m[K]
     auto rgbCameraInfo = rgbConverter.calibrationToCameraInfo(calibrationHandler, dai::CameraBoardSocket::[01;35m[KRGB[m[K, image_width, image_height);
                                                                                                           [01;35m[K^~~[m[K
In file included from [01m[K/usr/local/include/depthai/device/CalibrationHandler.hpp:5:0[m[K,
                 from [01m[K/usr/local/include/depthai/depthai.hpp:9[m[K,
                 from [01m[K/home/student/catkin_ws/src/depth-ai-avans/depthai_bridge/include/depthai_bridge/BridgePublisher.hpp:11[m[K,
                 from [01m[K/home/student/catkin_ws/src/my_depthai/ros1_src/stereo_inertial_nn_publisher.cpp:24[m[K:
[01m[K/usr/local/include/depthai-shared/common/CameraBoardSocket.hpp:22:5:[m[K [01;36m[Knote: [m[Kdeclared here
     [01;36m[KRGB[m[K [[deprecated]] = CAM_A,
     [01;36m[K^~~[m[K
[01m[K/home/student/catkin_ws/src/my_depthai/ros1_src/stereo_inertial_nn_publisher.cpp:315:115:[m[K [01;35m[Kwarning: [m[K‘[01m[KRGB[m[K’ is deprecated [[01;35m[K-Wdeprecated-declarations[m[K]
         auto previewCameraInfo = rgbConverter.calibrationToCameraInfo(calibrationHandler, dai::CameraBoardSocket::[01;35m[KRGB[m[K, previewWidth, previewHeight);
                                                                                                                   [01;35m[K^~~[m[K
In file included from [01m[K/usr/local/include/depthai/device/CalibrationHandler.hpp:5:0[m[K,
                 from [01m[K/usr/local/include/depthai/depthai.hpp:9[m[K,
                 from [01m[K/home/student/catkin_ws/src/depth-ai-avans/depthai_bridge/include/depthai_bridge/BridgePublisher.hpp:11[m[K,
                 from [01m[K/home/student/catkin_ws/src/my_depthai/ros1_src/stereo_inertial_nn_publisher.cpp:24[m[K:
[01m[K/usr/local/include/depthai-shared/common/CameraBoardSocket.hpp:22:5:[m[K [01;36m[Knote: [m[Kdeclared here
     [01;36m[KRGB[m[K [[deprecated]] = CAM_A,
     [01;36m[K^~~[m[K
[01m[K/home/student/catkin_ws/src/my_depthai/ros1_src/stereo_inertial_nn_publisher.cpp:315:115:[m[K [01;35m[Kwarning: [m[K‘[01m[KRGB[m[K’ is deprecated [[01;35m[K-Wdeprecated-declarations[m[K]
         auto previewCameraInfo = rgbConverter.calibrationToCameraInfo(calibrationHandler, dai::CameraBoardSocket::[01;35m[KRGB[m[K, previewWidth, previewHeight);
                                                                                                                   [01;35m[K^~~[m[K
In file included from [01m[K/usr/local/include/depthai/device/CalibrationHandler.hpp:5:0[m[K,
                 from [01m[K/usr/local/include/depthai/depthai.hpp:9[m[K,
                 from [01m[K/home/student/catkin_ws/src/depth-ai-avans/depthai_bridge/include/depthai_bridge/BridgePublisher.hpp:11[m[K,
                 from [01m[K/home/student/catkin_ws/src/my_depthai/ros1_src/stereo_inertial_nn_publisher.cpp:24[m[K:
[01m[K/usr/local/include/depthai-shared/common/CameraBoardSocket.hpp:22:5:[m[K [01;36m[Knote: [m[Kdeclared here
     [01;36m[KRGB[m[K [[deprecated]] = CAM_A,
     [01;36m[K^~~[m[K
[01m[K/home/student/catkin_ws/src/my_depthai/ros1_src/pipe.cpp:[m[K In function ‘[01m[Kstd::tuple<dai::Pipeline, int, int> createPipeline(bool, bool, bool, bool, bool, int, int, int, std::__cxx11::string, std::__cxx11::string, int, int, int, int, std::__cxx11::string, std::__cxx11::string, float, bool)[m[K’:
[01m[K/home/student/catkin_ws/src/my_depthai/ros1_src/pipe.cpp:87:54:[m[K [01;35m[Kwarning: [m[K‘[01m[KLEFT[m[K’ is deprecated [[01;35m[K-Wdeprecated-declarations[m[K]
     monoLeft->setBoardSocket(dai::CameraBoardSocket::[01;35m[KLEFT[m[K);
                                                      [01;35m[K^~~~[m[K
In file included from [01m[K/usr/local/include/depthai/device/CalibrationHandler.hpp:5:0[m[K,
                 from [01m[K/usr/local/include/depthai/depthai.hpp:9[m[K,
                 from [01m[K/home/student/catkin_ws/src/my_depthai/ros1_src/pipe.cpp:20[m[K:
[01m[K/usr/local/include/depthai-shared/common/CameraBoardSocket.hpp:24:5:[m[K [01;36m[Knote: [m[Kdeclared here
     [01;36m[KLEFT[m[K [[deprecated]] = CAM_B,
     [01;36m[K^~~~[m[K
[01m[K/home/student/catkin_ws/src/my_depthai/ros1_src/pipe.cpp:87:54:[m[K [01;35m[Kwarning: [m[K‘[01m[KLEFT[m[K’ is deprecated [[01;35m[K-Wdeprecated-declarations[m[K]
     monoLeft->setBoardSocket(dai::CameraBoardSocket::[01;35m[KLEFT[m[K);
                                                      [01;35m[K^~~~[m[K
In file included from [01m[K/usr/local/include/depthai/device/CalibrationHandler.hpp:5:0[m[K,
                 from [01m[K/usr/local/include/depthai/depthai.hpp:9[m[K,
                 from [01m[K/home/student/catkin_ws/src/my_depthai/ros1_src/pipe.cpp:20[m[K:
[01m[K/usr/local/include/depthai-shared/common/CameraBoardSocket.hpp:24:5:[m[K [01;36m[Knote: [m[Kdeclared here
     [01;36m[KLEFT[m[K [[deprecated]] = CAM_B,
     [01;36m[K^~~~[m[K
[01m[K/home/student/catkin_ws/src/my_depthai/ros1_src/pipe.cpp:90:55:[m[K [01;35m[Kwarning: [m[K‘[01m[KRIGHT[m[K’ is deprecated [[01;35m[K-Wdeprecated-declarations[m[K]
     monoRight->setBoardSocket(dai::CameraBoardSocket::[01;35m[KRIGHT[m[K);
                                                       [01;35m[K^~~~~[m[K
In file included from [01m[K/usr/local/include/depthai/device/CalibrationHandler.hpp:5:0[m[K,
                 from [01m[K/usr/local/include/depthai/depthai.hpp:9[m[K,
                 from [01m[K/home/student/catkin_ws/src/my_depthai/ros1_src/pipe.cpp:20[m[K:
[01m[K/usr/local/include/depthai-shared/common/CameraBoardSocket.hpp:25:5:[m[K [01;36m[Knote: [m[Kdeclared here
     [01;36m[KRIGHT[m[K [[deprecated]] = CAM_C,
     [01;36m[K^~~~~[m[K
[01m[K/home/student/catkin_ws/src/my_depthai/ros1_src/pipe.cpp:90:55:[m[K [01;35m[Kwarning: [m[K‘[01m[KRIGHT[m[K’ is deprecated [[01;35m[K-Wdeprecated-declarations[m[K]
     monoRight->setBoardSocket(dai::CameraBoardSocket::[01;35m[KRIGHT[m[K);
                                                       [01;35m[K^~~~~[m[K
In file included from [01m[K/usr/local/include/depthai/device/CalibrationHandler.hpp:5:0[m[K,
                 from [01m[K/usr/local/include/depthai/depthai.hpp:9[m[K,
                 from [01m[K/home/student/catkin_ws/src/my_depthai/ros1_src/pipe.cpp:20[m[K:
[01m[K/usr/local/include/depthai-shared/common/CameraBoardSocket.hpp:25:5:[m[K [01;36m[Knote: [m[Kdeclared here
     [01;36m[KRIGHT[m[K [[deprecated]] = CAM_C,
     [01;36m[K^~~~~[m[K
[01m[K/home/student/catkin_ws/src/my_depthai/ros1_src/pipe.cpp:100:51:[m[K [01;35m[Kwarning: [m[K‘[01m[KRGB[m[K’ is deprecated [[01;35m[K-Wdeprecated-declarations[m[K]
     stereo->setDepthAlign(dai::CameraBoardSocket::[01;35m[KRGB[m[K);
                                                   [01;35m[K^~~[m[K
In file included from [01m[K/usr/local/include/depthai/device/CalibrationHandler.hpp:5:0[m[K,
                 from [01m[K/usr/local/include/depthai/depthai.hpp:9[m[K,
                 from [01m[K/home/student/catkin_ws/src/my_depthai/ros1_src/pipe.cpp:20[m[K:
[01m[K/usr/local/include/depthai-shared/common/CameraBoardSocket.hpp:22:5:[m[K [01;36m[Knote: [m[Kdeclared here
     [01;36m[KRGB[m[K [[deprecated]] = CAM_A,
     [01;36m[K^~~[m[K
[01m[K/home/student/catkin_ws/src/my_depthai/ros1_src/pipe.cpp:100:51:[m[K [01;35m[Kwarning: [m[K‘[01m[KRGB[m[K’ is deprecated [[01;35m[K-Wdeprecated-declarations[m[K]
     stereo->setDepthAlign(dai::CameraBoardSocket::[01;35m[KRGB[m[K);
                                                   [01;35m[K^~~[m[K
In file included from [01m[K/usr/local/include/depthai/device/CalibrationHandler.hpp:5:0[m[K,
                 from [01m[K/usr/local/include/depthai/depthai.hpp:9[m[K,
                 from [01m[K/home/student/catkin_ws/src/my_depthai/ros1_src/pipe.cpp:20[m[K:
[01m[K/usr/local/include/depthai-shared/common/CameraBoardSocket.hpp:22:5:[m[K [01;36m[Knote: [m[Kdeclared here
     [01;36m[KRGB[m[K [[deprecated]] = CAM_A,
     [01;36m[K^~~[m[K
[01m[K/home/student/catkin_ws/src/my_depthai/ros1_src/pipe.cpp:112:52:[m[K [01;35m[Kwarning: [m[K‘[01m[KRGB[m[K’ is deprecated [[01;35m[K-Wdeprecated-declarations[m[K]
     camRgb->setBoardSocket(dai::CameraBoardSocket::[01;35m[KRGB[m[K);
                                                    [01;35m[K^~~[m[K
In file included from [01m[K/usr/local/include/depthai/device/CalibrationHandler.hpp:5:0[m[K,
                 from [01m[K/usr/local/include/depthai/depthai.hpp:9[m[K,
                 from [01m[K/home/student/catkin_ws/src/my_depthai/ros1_src/pipe.cpp:20[m[K:
[01m[K/usr/local/include/depthai-shared/common/CameraBoardSocket.hpp:22:5:[m[K [01;36m[Knote: [m[Kdeclared here
     [01;36m[KRGB[m[K [[deprecated]] = CAM_A,
     [01;36m[K^~~[m[K
[01m[K/home/student/catkin_ws/src/my_depthai/ros1_src/pipe.cpp:112:52:[m[K [01;35m[Kwarning: [m[K‘[01m[KRGB[m[K’ is deprecated [[01;35m[K-Wdeprecated-declarations[m[K]
     camRgb->setBoardSocket(dai::CameraBoardSocket::[01;35m[KRGB[m[K);
                                                    [01;35m[K^~~[m[K
In file included from [01m[K/usr/local/include/depthai/device/CalibrationHandler.hpp:5:0[m[K,
                 from [01m[K/usr/local/include/depthai/depthai.hpp:9[m[K,
                 from [01m[K/home/student/catkin_ws/src/my_depthai/ros1_src/pipe.cpp:20[m[K:
[01m[K/usr/local/include/depthai-shared/common/CameraBoardSocket.hpp:22:5:[m[K [01;36m[Knote: [m[Kdeclared here
     [01;36m[KRGB[m[K [[deprecated]] = CAM_A,
     [01;36m[K^~~[m[K
