Determining if the pthread_create exist failed with the following output:
Change Dir: /home/student/catkin_ws/build/xarm7_gripper_moveit_config/CMakeFiles/CMakeTmp

Run Build Command:"/usr/bin/make" "cmTC_78490/fast"
/usr/bin/make -f CMakeFiles/cmTC_78490.dir/build.make CMakeFiles/cmTC_78490.dir/build
make[1]: Entering directory '/home/student/catkin_ws/build/xarm7_gripper_moveit_config/CMakeFiles/CMakeTmp'
Building C object CMakeFiles/cmTC_78490.dir/CheckSymbolExists.c.o
/usr/bin/cc    -o CMakeFiles/cmTC_78490.dir/CheckSymbolExists.c.o   -c /home/student/catkin_ws/build/xarm7_gripper_moveit_config/CMakeFiles/CMakeTmp/CheckSymbolExists.c
Linking C executable cmTC_78490
/usr/bin/cmake -E cmake_link_script CMakeFiles/cmTC_78490.dir/link.txt --verbose=1
/usr/bin/cc      -rdynamic CMakeFiles/cmTC_78490.dir/CheckSymbolExists.c.o  -o cmTC_78490 
CMakeFiles/cmTC_78490.dir/CheckSymbolExists.c.o: In function `main':
CheckSymbolExists.c:(.text+0x1b): undefined reference to `pthread_create'
collect2: error: ld returned 1 exit status
CMakeFiles/cmTC_78490.dir/build.make:97: recipe for target 'cmTC_78490' failed
make[1]: *** [cmTC_78490] Error 1
make[1]: Leaving directory '/home/student/catkin_ws/build/xarm7_gripper_moveit_config/CMakeFiles/CMakeTmp'
Makefile:126: recipe for target 'cmTC_78490/fast' failed
make: *** [cmTC_78490/fast] Error 2

File /home/student/catkin_ws/build/xarm7_gripper_moveit_config/CMakeFiles/CMakeTmp/CheckSymbolExists.c:
/* */
#include <pthread.h>

int main(int argc, char** argv)
{
  (void)argv;
#ifndef pthread_create
  return ((int*)(&pthread_create))[argc];
#else
  (void)argc;
  return 0;
#endif
}

Determining if the function pthread_create exists in the pthreads failed with the following output:
Change Dir: /home/student/catkin_ws/build/xarm7_gripper_moveit_config/CMakeFiles/CMakeTmp

Run Build Command:"/usr/bin/make" "cmTC_6bbad/fast"
/usr/bin/make -f CMakeFiles/cmTC_6bbad.dir/build.make CMakeFiles/cmTC_6bbad.dir/build
make[1]: Entering directory '/home/student/catkin_ws/build/xarm7_gripper_moveit_config/CMakeFiles/CMakeTmp'
Building C object CMakeFiles/cmTC_6bbad.dir/CheckFunctionExists.c.o
/usr/bin/cc   -DCHECK_FUNCTION_EXISTS=pthread_create   -o CMakeFiles/cmTC_6bbad.dir/CheckFunctionExists.c.o   -c /usr/share/cmake-3.10/Modules/CheckFunctionExists.c
Linking C executable cmTC_6bbad
/usr/bin/cmake -E cmake_link_script CMakeFiles/cmTC_6bbad.dir/link.txt --verbose=1
/usr/bin/cc  -DCHECK_FUNCTION_EXISTS=pthread_create    -rdynamic CMakeFiles/cmTC_6bbad.dir/CheckFunctionExists.c.o  -o cmTC_6bbad -lpthreads 
/usr/bin/ld: cannot find -lpthreads
collect2: error: ld returned 1 exit status
CMakeFiles/cmTC_6bbad.dir/build.make:97: recipe for target 'cmTC_6bbad' failed
make[1]: *** [cmTC_6bbad] Error 1
make[1]: Leaving directory '/home/student/catkin_ws/build/xarm7_gripper_moveit_config/CMakeFiles/CMakeTmp'
Makefile:126: recipe for target 'cmTC_6bbad/fast' failed
make: *** [cmTC_6bbad/fast] Error 2


