Determining if the pthread_create exist failed with the following output:
Change Dir: /home/student/catkin_ws/build/xarm_gazebo/CMakeFiles/CMakeTmp

Run Build Command:"/usr/bin/make" "cmTC_1269b/fast"
/usr/bin/make -f CMakeFiles/cmTC_1269b.dir/build.make CMakeFiles/cmTC_1269b.dir/build
make[1]: Entering directory '/home/student/catkin_ws/build/xarm_gazebo/CMakeFiles/CMakeTmp'
Building C object CMakeFiles/cmTC_1269b.dir/CheckSymbolExists.c.o
/usr/bin/cc    -o CMakeFiles/cmTC_1269b.dir/CheckSymbolExists.c.o   -c /home/student/catkin_ws/build/xarm_gazebo/CMakeFiles/CMakeTmp/CheckSymbolExists.c
Linking C executable cmTC_1269b
/usr/bin/cmake -E cmake_link_script CMakeFiles/cmTC_1269b.dir/link.txt --verbose=1
/usr/bin/cc      -rdynamic CMakeFiles/cmTC_1269b.dir/CheckSymbolExists.c.o  -o cmTC_1269b 
CMakeFiles/cmTC_1269b.dir/CheckSymbolExists.c.o: In function `main':
CheckSymbolExists.c:(.text+0x1b): undefined reference to `pthread_create'
collect2: error: ld returned 1 exit status
CMakeFiles/cmTC_1269b.dir/build.make:97: recipe for target 'cmTC_1269b' failed
make[1]: *** [cmTC_1269b] Error 1
make[1]: Leaving directory '/home/student/catkin_ws/build/xarm_gazebo/CMakeFiles/CMakeTmp'
Makefile:126: recipe for target 'cmTC_1269b/fast' failed
make: *** [cmTC_1269b/fast] Error 2

File /home/student/catkin_ws/build/xarm_gazebo/CMakeFiles/CMakeTmp/CheckSymbolExists.c:
/* */
#include <pthread.h>

int main(int argc, char** argv)
{
  (void)argv;
#ifndef pthread_create
  return ((int*)(&pthread_create))[argc];
#else
  (void)argc;
  return 0;
#endif
}

Determining if the function pthread_create exists in the pthreads failed with the following output:
Change Dir: /home/student/catkin_ws/build/xarm_gazebo/CMakeFiles/CMakeTmp

Run Build Command:"/usr/bin/make" "cmTC_24d8c/fast"
/usr/bin/make -f CMakeFiles/cmTC_24d8c.dir/build.make CMakeFiles/cmTC_24d8c.dir/build
make[1]: Entering directory '/home/student/catkin_ws/build/xarm_gazebo/CMakeFiles/CMakeTmp'
Building C object CMakeFiles/cmTC_24d8c.dir/CheckFunctionExists.c.o
/usr/bin/cc   -DCHECK_FUNCTION_EXISTS=pthread_create   -o CMakeFiles/cmTC_24d8c.dir/CheckFunctionExists.c.o   -c /usr/share/cmake-3.10/Modules/CheckFunctionExists.c
Linking C executable cmTC_24d8c
/usr/bin/cmake -E cmake_link_script CMakeFiles/cmTC_24d8c.dir/link.txt --verbose=1
/usr/bin/cc  -DCHECK_FUNCTION_EXISTS=pthread_create    -rdynamic CMakeFiles/cmTC_24d8c.dir/CheckFunctionExists.c.o  -o cmTC_24d8c -lpthreads 
/usr/bin/ld: cannot find -lpthreads
collect2: error: ld returned 1 exit status
CMakeFiles/cmTC_24d8c.dir/build.make:97: recipe for target 'cmTC_24d8c' failed
make[1]: *** [cmTC_24d8c] Error 1
make[1]: Leaving directory '/home/student/catkin_ws/build/xarm_gazebo/CMakeFiles/CMakeTmp'
Makefile:126: recipe for target 'cmTC_24d8c/fast' failed
make: *** [cmTC_24d8c/fast] Error 2


