[01m[K/home/student/catkin_ws/src/depth-ai-avans/depthai_examples/src/rgb_stereo_node.cpp:[m[K In function ‘[01m[Kdai::Pipeline createPipeline(bool, bool, bool, int, int, std::__cxx11::string)[m[K’:
[01m[K/home/student/catkin_ws/src/depth-ai-avans/depthai_examples/src/rgb_stereo_node.cpp:45:54:[m[K [01;35m[Kwarning: [m[K‘[01m[KLEFT[m[K’ is deprecated [[01;35m[K-Wdeprecated-declarations[m[K]
     monoLeft->setBoardSocket(dai::CameraBoardSocket::[01;35m[KLEFT[m[K);
                                                      [01;35m[K^~~~[m[K
In file included from [01m[K/usr/local/include/depthai/device/CalibrationHandler.hpp:5:0[m[K,
                 from [01m[K/usr/local/include/depthai/depthai.hpp:9[m[K,
                 from [01m[K/home/student/catkin_ws/src/depth-ai-avans/depthai_bridge/include/depthai_bridge/BridgePublisher.hpp:11[m[K,
                 from [01m[K/home/student/catkin_ws/src/depth-ai-avans/depthai_examples/src/rgb_stereo_node.cpp:14[m[K:
[01m[K/usr/local/include/depthai-shared/common/CameraBoardSocket.hpp:24:5:[m[K [01;36m[Knote: [m[Kdeclared here
     [01;36m[KLEFT[m[K [[deprecated]] = CAM_B,
     [01;36m[K^~~~[m[K
[01m[K/home/student/catkin_ws/src/depth-ai-avans/depthai_examples/src/rgb_stereo_node.cpp:45:54:[m[K [01;35m[Kwarning: [m[K‘[01m[KLEFT[m[K’ is deprecated [[01;35m[K-Wdeprecated-declarations[m[K]
     monoLeft->setBoardSocket(dai::CameraBoardSocket::[01;35m[KLEFT[m[K);
                                                      [01;35m[K^~~~[m[K
In file included from [01m[K/usr/local/include/depthai/device/CalibrationHandler.hpp:5:0[m[K,
                 from [01m[K/usr/local/include/depthai/depthai.hpp:9[m[K,
                 from [01m[K/home/student/catkin_ws/src/depth-ai-avans/depthai_bridge/include/depthai_bridge/BridgePublisher.hpp:11[m[K,
                 from [01m[K/home/student/catkin_ws/src/depth-ai-avans/depthai_examples/src/rgb_stereo_node.cpp:14[m[K:
[01m[K/usr/local/include/depthai-shared/common/CameraBoardSocket.hpp:24:5:[m[K [01;36m[Knote: [m[Kdeclared here
     [01;36m[KLEFT[m[K [[deprecated]] = CAM_B,
     [01;36m[K^~~~[m[K
[01m[K/home/student/catkin_ws/src/depth-ai-avans/depthai_examples/src/rgb_stereo_node.cpp:47:55:[m[K [01;35m[Kwarning: [m[K‘[01m[KRIGHT[m[K’ is deprecated [[01;35m[K-Wdeprecated-declarations[m[K]
     monoRight->setBoardSocket(dai::CameraBoardSocket::[01;35m[KRIGHT[m[K);
                                                       [01;35m[K^~~~~[m[K
In file included from [01m[K/usr/local/include/depthai/device/CalibrationHandler.hpp:5:0[m[K,
                 from [01m[K/usr/local/include/depthai/depthai.hpp:9[m[K,
                 from [01m[K/home/student/catkin_ws/src/depth-ai-avans/depthai_bridge/include/depthai_bridge/BridgePublisher.hpp:11[m[K,
                 from [01m[K/home/student/catkin_ws/src/depth-ai-avans/depthai_examples/src/rgb_stereo_node.cpp:14[m[K:
[01m[K/usr/local/include/depthai-shared/common/CameraBoardSocket.hpp:25:5:[m[K [01;36m[Knote: [m[Kdeclared here
     [01;36m[KRIGHT[m[K [[deprecated]] = CAM_C,
     [01;36m[K^~~~~[m[K
[01m[K/home/student/catkin_ws/src/depth-ai-avans/depthai_examples/src/rgb_stereo_node.cpp:47:55:[m[K [01;35m[Kwarning: [m[K‘[01m[KRIGHT[m[K’ is deprecated [[01;35m[K-Wdeprecated-declarations[m[K]
     monoRight->setBoardSocket(dai::CameraBoardSocket::[01;35m[KRIGHT[m[K);
                                                       [01;35m[K^~~~~[m[K
In file included from [01m[K/usr/local/include/depthai/device/CalibrationHandler.hpp:5:0[m[K,
                 from [01m[K/usr/local/include/depthai/depthai.hpp:9[m[K,
                 from [01m[K/home/student/catkin_ws/src/depth-ai-avans/depthai_bridge/include/depthai_bridge/BridgePublisher.hpp:11[m[K,
                 from [01m[K/home/student/catkin_ws/src/depth-ai-avans/depthai_examples/src/rgb_stereo_node.cpp:14[m[K:
[01m[K/usr/local/include/depthai-shared/common/CameraBoardSocket.hpp:25:5:[m[K [01;36m[Knote: [m[Kdeclared here
     [01;36m[KRIGHT[m[K [[deprecated]] = CAM_C,
     [01;36m[K^~~~~[m[K
[01m[K/home/student/catkin_ws/src/depth-ai-avans/depthai_examples/src/rgb_stereo_node.cpp:67:54:[m[K [01;35m[Kwarning: [m[K‘[01m[KRGB[m[K’ is deprecated [[01;35m[K-Wdeprecated-declarations[m[K]
     colorCam->setBoardSocket(dai::CameraBoardSocket::[01;35m[KRGB[m[K);
                                                      [01;35m[K^~~[m[K
In file included from [01m[K/usr/local/include/depthai/device/CalibrationHandler.hpp:5:0[m[K,
                 from [01m[K/usr/local/include/depthai/depthai.hpp:9[m[K,
                 from [01m[K/home/student/catkin_ws/src/depth-ai-avans/depthai_bridge/include/depthai_bridge/BridgePublisher.hpp:11[m[K,
                 from [01m[K/home/student/catkin_ws/src/depth-ai-avans/depthai_examples/src/rgb_stereo_node.cpp:14[m[K:
[01m[K/usr/local/include/depthai-shared/common/CameraBoardSocket.hpp:22:5:[m[K [01;36m[Knote: [m[Kdeclared here
     [01;36m[KRGB[m[K [[deprecated]] = CAM_A,
     [01;36m[K^~~[m[K
[01m[K/home/student/catkin_ws/src/depth-ai-avans/depthai_examples/src/rgb_stereo_node.cpp:67:54:[m[K [01;35m[Kwarning: [m[K‘[01m[KRGB[m[K’ is deprecated [[01;35m[K-Wdeprecated-declarations[m[K]
     colorCam->setBoardSocket(dai::CameraBoardSocket::[01;35m[KRGB[m[K);
                                                      [01;35m[K^~~[m[K
In file included from [01m[K/usr/local/include/depthai/device/CalibrationHandler.hpp:5:0[m[K,
                 from [01m[K/usr/local/include/depthai/depthai.hpp:9[m[K,
                 from [01m[K/home/student/catkin_ws/src/depth-ai-avans/depthai_bridge/include/depthai_bridge/BridgePublisher.hpp:11[m[K,
                 from [01m[K/home/student/catkin_ws/src/depth-ai-avans/depthai_examples/src/rgb_stereo_node.cpp:14[m[K:
[01m[K/usr/local/include/depthai-shared/common/CameraBoardSocket.hpp:22:5:[m[K [01;36m[Knote: [m[Kdeclared here
     [01;36m[KRGB[m[K [[deprecated]] = CAM_A,
     [01;36m[K^~~[m[K
[01m[K/home/student/catkin_ws/src/depth-ai-avans/depthai_examples/src/rgb_stereo_node.cpp:[m[K In function ‘[01m[Kint main(int, char**)[m[K’:
[01m[K/home/student/catkin_ws/src/depth-ai-avans/depthai_examples/src/rgb_stereo_node.cpp:120:109:[m[K [01;35m[Kwarning: [m[K‘[01m[KRGB[m[K’ is deprecated [[01;35m[K-Wdeprecated-declarations[m[K]
     auto rgbCameraInfo = depthConverter.calibrationToCameraInfo(calibrationHandler, dai::CameraBoardSocket::[01;35m[KRGB[m[K, 1280, 720);
                                                                                                             [01;35m[K^~~[m[K
In file included from [01m[K/usr/local/include/depthai/device/CalibrationHandler.hpp:5:0[m[K,
                 from [01m[K/usr/local/include/depthai/depthai.hpp:9[m[K,
                 from [01m[K/home/student/catkin_ws/src/depth-ai-avans/depthai_bridge/include/depthai_bridge/BridgePublisher.hpp:11[m[K,
                 from [01m[K/home/student/catkin_ws/src/depth-ai-avans/depthai_examples/src/rgb_stereo_node.cpp:14[m[K:
[01m[K/usr/local/include/depthai-shared/common/CameraBoardSocket.hpp:22:5:[m[K [01;36m[Knote: [m[Kdeclared here
     [01;36m[KRGB[m[K [[deprecated]] = CAM_A,
     [01;36m[K^~~[m[K
[01m[K/home/student/catkin_ws/src/depth-ai-avans/depthai_examples/src/rgb_stereo_node.cpp:120:109:[m[K [01;35m[Kwarning: [m[K‘[01m[KRGB[m[K’ is deprecated [[01;35m[K-Wdeprecated-declarations[m[K]
     auto rgbCameraInfo = depthConverter.calibrationToCameraInfo(calibrationHandler, dai::CameraBoardSocket::[01;35m[KRGB[m[K, 1280, 720);
                                                                                                             [01;35m[K^~~[m[K
In file included from [01m[K/usr/local/include/depthai/device/CalibrationHandler.hpp:5:0[m[K,
                 from [01m[K/usr/local/include/depthai/depthai.hpp:9[m[K,
                 from [01m[K/home/student/catkin_ws/src/depth-ai-avans/depthai_bridge/include/depthai_bridge/BridgePublisher.hpp:11[m[K,
                 from [01m[K/home/student/catkin_ws/src/depth-ai-avans/depthai_examples/src/rgb_stereo_node.cpp:14[m[K:
[01m[K/usr/local/include/depthai-shared/common/CameraBoardSocket.hpp:22:5:[m[K [01;36m[Knote: [m[Kdeclared here
     [01;36m[KRGB[m[K [[deprecated]] = CAM_A,
     [01;36m[K^~~[m[K
[01m[K/home/student/catkin_ws/src/depth-ai-avans/depthai_examples/src/stereo_nodelet.cpp:[m[K In member function ‘[01m[Kvirtual void depthai_examples::StereoNodelet::onInit()[m[K’:
[01m[K/home/student/catkin_ws/src/depth-ai-avans/depthai_examples/src/stereo_nodelet.cpp:89:114:[m[K [01;35m[Kwarning: [m[K‘[01m[KLEFT[m[K’ is deprecated [[01;35m[K-Wdeprecated-declarations[m[K]
         auto leftCameraInfo = leftConverter->calibrationToCameraInfo(calibrationHandler, dai::CameraBoardSocket::[01;35m[KLEFT[m[K, monoWidth, monoHeight);
                                                                                                                  [01;35m[K^~~~[m[K
In file included from [01m[K/usr/local/include/depthai/device/CalibrationHandler.hpp:5:0[m[K,
                 from [01m[K/usr/local/include/depthai/depthai.hpp:9[m[K,
                 from [01m[K/home/student/catkin_ws/src/depth-ai-avans/depthai_bridge/include/depthai_bridge/BridgePublisher.hpp:11[m[K,
                 from [01m[K/home/student/catkin_ws/src/depth-ai-avans/depthai_examples/src/stereo_nodelet.cpp:12[m[K:
[01m[K/usr/local/include/depthai-shared/common/CameraBoardSocket.hpp:24:5:[m[K [01;36m[Knote: [m[Kdeclared here
     [01;36m[KLEFT[m[K [[deprecated]] = CAM_B,
     [01;36m[K^~~~[m[K
[01m[K/home/student/catkin_ws/src/depth-ai-avans/depthai_examples/src/stereo_nodelet.cpp:89:114:[m[K [01;35m[Kwarning: [m[K‘[01m[KLEFT[m[K’ is deprecated [[01;35m[K-Wdeprecated-declarations[m[K]
         auto leftCameraInfo = leftConverter->calibrationToCameraInfo(calibrationHandler, dai::CameraBoardSocket::[01;35m[KLEFT[m[K, monoWidth, monoHeight);
                                                                                                                  [01;35m[K^~~~[m[K
In file included from [01m[K/usr/local/include/depthai/device/CalibrationHandler.hpp:5:0[m[K,
                 from [01m[K/usr/local/include/depthai/depthai.hpp:9[m[K,
                 from [01m[K/home/student/catkin_ws/src/depth-ai-avans/depthai_bridge/include/depthai_bridge/BridgePublisher.hpp:11[m[K,
                 from [01m[K/home/student/catkin_ws/src/depth-ai-avans/depthai_examples/src/stereo_nodelet.cpp:12[m[K:
[01m[K/usr/local/include/depthai-shared/common/CameraBoardSocket.hpp:24:5:[m[K [01;36m[Knote: [m[Kdeclared here
     [01;36m[KLEFT[m[K [[deprecated]] = CAM_B,
     [01;36m[K^~~~[m[K
[01m[K/home/student/catkin_ws/src/depth-ai-avans/depthai_examples/src/stereo_nodelet.cpp:104:116:[m[K [01;35m[Kwarning: [m[K‘[01m[KRIGHT[m[K’ is deprecated [[01;35m[K-Wdeprecated-declarations[m[K]
         auto rightCameraInfo = rightConverter->calibrationToCameraInfo(calibrationHandler, dai::CameraBoardSocket::[01;35m[KRIGHT[m[K, monoWidth, monoHeight);
                                                                                                                    [01;35m[K^~~~~[m[K
In file included from [01m[K/usr/local/include/depthai/device/CalibrationHandler.hpp:5:0[m[K,
                 from [01m[K/usr/local/include/depthai/depthai.hpp:9[m[K,
                 from [01m[K/home/student/catkin_ws/src/depth-ai-avans/depthai_bridge/include/depthai_bridge/BridgePublisher.hpp:11[m[K,
                 from [01m[K/home/student/catkin_ws/src/depth-ai-avans/depthai_examples/src/stereo_nodelet.cpp:12[m[K:
[01m[K/usr/local/include/depthai-shared/common/CameraBoardSocket.hpp:25:5:[m[K [01;36m[Knote: [m[Kdeclared here
     [01;36m[KRIGHT[m[K [[deprecated]] = CAM_C,
     [01;36m[K^~~~~[m[K
[01m[K/home/student/catkin_ws/src/depth-ai-avans/depthai_examples/src/stereo_nodelet.cpp:104:116:[m[K [01;35m[Kwarning: [m[K‘[01m[KRIGHT[m[K’ is deprecated [[01;35m[K-Wdeprecated-declarations[m[K]
         auto rightCameraInfo = rightConverter->calibrationToCameraInfo(calibrationHandler, dai::CameraBoardSocket::[01;35m[KRIGHT[m[K, monoWidth, monoHeight);
                                                                                                                    [01;35m[K^~~~~[m[K
In file included from [01m[K/usr/local/include/depthai/device/CalibrationHandler.hpp:5:0[m[K,
                 from [01m[K/usr/local/include/depthai/depthai.hpp:9[m[K,
                 from [01m[K/home/student/catkin_ws/src/depth-ai-avans/depthai_bridge/include/depthai_bridge/BridgePublisher.hpp:11[m[K,
                 from [01m[K/home/student/catkin_ws/src/depth-ai-avans/depthai_examples/src/stereo_nodelet.cpp:12[m[K:
[01m[K/usr/local/include/depthai-shared/common/CameraBoardSocket.hpp:25:5:[m[K [01;36m[Knote: [m[Kdeclared here
     [01;36m[KRIGHT[m[K [[deprecated]] = CAM_C,
     [01;36m[K^~~~~[m[K
[01m[K/home/student/catkin_ws/src/depth-ai-avans/depthai_examples/src/stereo_nodelet.cpp:[m[K In member function ‘[01m[Kstd::tuple<dai::Pipeline, int, int> depthai_examples::StereoNodelet::createPipeline(bool, bool, bool, bool, int, int, std::__cxx11::string)[m[K’:
[01m[K/home/student/catkin_ws/src/depth-ai-avans/depthai_examples/src/stereo_nodelet.cpp:183:58:[m[K [01;35m[Kwarning: [m[K‘[01m[KLEFT[m[K’ is deprecated [[01;35m[K-Wdeprecated-declarations[m[K]
         monoLeft->setBoardSocket(dai::CameraBoardSocket::[01;35m[KLEFT[m[K);
                                                          [01;35m[K^~~~[m[K
In file included from [01m[K/usr/local/include/depthai/device/CalibrationHandler.hpp:5:0[m[K,
                 from [01m[K/usr/local/include/depthai/depthai.hpp:9[m[K,
                 from [01m[K/home/student/catkin_ws/src/depth-ai-avans/depthai_bridge/include/depthai_bridge/BridgePublisher.hpp:11[m[K,
                 from [01m[K/home/student/catkin_ws/src/depth-ai-avans/depthai_examples/src/stereo_nodelet.cpp:12[m[K:
[01m[K/usr/local/include/depthai-shared/common/CameraBoardSocket.hpp:24:5:[m[K [01;36m[Knote: [m[Kdeclared here
     [01;36m[KLEFT[m[K [[deprecated]] = CAM_B,
     [01;36m[K^~~~[m[K
[01m[K/home/student/catkin_ws/src/depth-ai-avans/depthai_examples/src/stereo_nodelet.cpp:183:58:[m[K [01;35m[Kwarning: [m[K‘[01m[KLEFT[m[K’ is deprecated [[01;35m[K-Wdeprecated-declarations[m[K]
         monoLeft->setBoardSocket(dai::CameraBoardSocket::[01;35m[KLEFT[m[K);
                                                          [01;35m[K^~~~[m[K
In file included from [01m[K/usr/local/include/depthai/device/CalibrationHandler.hpp:5:0[m[K,
                 from [01m[K/usr/local/include/depthai/depthai.hpp:9[m[K,
                 from [01m[K/home/student/catkin_ws/src/depth-ai-avans/depthai_bridge/include/depthai_bridge/BridgePublisher.hpp:11[m[K,
                 from [01m[K/home/student/catkin_ws/src/depth-ai-avans/depthai_examples/src/stereo_nodelet.cpp:12[m[K:
[01m[K/usr/local/include/depthai-shared/common/CameraBoardSocket.hpp:24:5:[m[K [01;36m[Knote: [m[Kdeclared here
     [01;36m[KLEFT[m[K [[deprecated]] = CAM_B,
     [01;36m[K^~~~[m[K
[01m[K/home/student/catkin_ws/src/depth-ai-avans/depthai_examples/src/stereo_nodelet.cpp:185:59:[m[K [01;35m[Kwarning: [m[K‘[01m[KRIGHT[m[K’ is deprecated [[01;35m[K-Wdeprecated-declarations[m[K]
         monoRight->setBoardSocket(dai::CameraBoardSocket::[01;35m[KRIGHT[m[K);
                                                           [01;35m[K^~~~~[m[K
In file included from [01m[K/usr/local/include/depthai/device/CalibrationHandler.hpp:5:0[m[K,
                 from [01m[K/usr/local/include/depthai/depthai.hpp:9[m[K,
                 from [01m[K/home/student/catkin_ws/src/depth-ai-avans/depthai_bridge/include/depthai_bridge/BridgePublisher.hpp:11[m[K,
                 from [01m[K/home/student/catkin_ws/src/depth-ai-avans/depthai_examples/src/stereo_nodelet.cpp:12[m[K:
[01m[K/usr/local/include/depthai-shared/common/CameraBoardSocket.hpp:25:5:[m[K [01;36m[Knote: [m[Kdeclared here
     [01;36m[KRIGHT[m[K [[deprecated]] = CAM_C,
     [01;36m[K^~~~~[m[K
[01m[K/home/student/catkin_ws/src/depth-ai-avans/depthai_examples/src/stereo_nodelet.cpp:185:59:[m[K [01;35m[Kwarning: [m[K‘[01m[KRIGHT[m[K’ is deprecated [[01;35m[K-Wdeprecated-declarations[m[K]
         monoRight->setBoardSocket(dai::CameraBoardSocket::[01;35m[KRIGHT[m[K);
                                                           [01;35m[K^~~~~[m[K
In file included from [01m[K/usr/local/include/depthai/device/CalibrationHandler.hpp:5:0[m[K,
                 from [01m[K/usr/local/include/depthai/depthai.hpp:9[m[K,
                 from [01m[K/home/student/catkin_ws/src/depth-ai-avans/depthai_bridge/include/depthai_bridge/BridgePublisher.hpp:11[m[K,
                 from [01m[K/home/student/catkin_ws/src/depth-ai-avans/depthai_examples/src/stereo_nodelet.cpp:12[m[K:
[01m[K/usr/local/include/depthai-shared/common/CameraBoardSocket.hpp:25:5:[m[K [01;36m[Knote: [m[Kdeclared here
     [01;36m[KRIGHT[m[K [[deprecated]] = CAM_C,
     [01;36m[K^~~~~[m[K
[01m[K/home/student/catkin_ws/src/depth-ai-avans/depthai_examples/src/stereo_inertial_publisher.cpp:[m[K In function ‘[01m[Kstd::tuple<dai::Pipeline, int, int> createPipeline(bool, bool, bool, bool, bool, bool, bool, int, int, int, int, std::__cxx11::string, std::__cxx11::string, int, int, int, int, bool, std::__cxx11::string)[m[K’:
[01m[K/home/student/catkin_ws/src/depth-ai-avans/depthai_examples/src/stereo_inertial_publisher.cpp:93:54:[m[K [01;35m[Kwarning: [m[K‘[01m[KLEFT[m[K’ is deprecated [[01;35m[K-Wdeprecated-declarations[m[K]
     monoLeft->setBoardSocket(dai::CameraBoardSocket::[01;35m[KLEFT[m[K);
                                                      [01;35m[K^~~~[m[K
In file included from [01m[K/usr/local/include/depthai/device/CalibrationHandler.hpp:5:0[m[K,
                 from [01m[K/usr/local/include/depthai/depthai.hpp:9[m[K,
                 from [01m[K/home/student/catkin_ws/src/depth-ai-avans/depthai_bridge/include/depthai_bridge/BridgePublisher.hpp:11[m[K,
                 from [01m[K/home/student/catkin_ws/src/depth-ai-avans/depthai_examples/src/stereo_inertial_publisher.cpp:17[m[K:
[01m[K/usr/local/include/depthai-shared/common/CameraBoardSocket.hpp:24:5:[m[K [01;36m[Knote: [m[Kdeclared here
     [01;36m[KLEFT[m[K [[deprecated]] = CAM_B,
     [01;36m[K^~~~[m[K
[01m[K/home/student/catkin_ws/src/depth-ai-avans/depthai_examples/src/stereo_inertial_publisher.cpp:93:54:[m[K [01;35m[Kwarning: [m[K‘[01m[KLEFT[m[K’ is deprecated [[01;35m[K-Wdeprecated-declarations[m[K]
     monoLeft->setBoardSocket(dai::CameraBoardSocket::[01;35m[KLEFT[m[K);
                                                      [01;35m[K^~~~[m[K
In file included from [01m[K/usr/local/include/depthai/device/CalibrationHandler.hpp:5:0[m[K,
                 from [01m[K/usr/local/include/depthai/depthai.hpp:9[m[K,
                 from [01m[K/home/student/catkin_ws/src/depth-ai-avans/depthai_bridge/include/depthai_bridge/BridgePublisher.hpp:11[m[K,
                 from [01m[K/home/student/catkin_ws/src/depth-ai-avans/depthai_examples/src/stereo_inertial_publisher.cpp:17[m[K:
[01m[K/usr/local/include/depthai-shared/common/CameraBoardSocket.hpp:24:5:[m[K [01;36m[Knote: [m[Kdeclared here
     [01;36m[KLEFT[m[K [[deprecated]] = CAM_B,
     [01;36m[K^~~~[m[K
[01m[K/home/student/catkin_ws/src/depth-ai-avans/depthai_examples/src/stereo_inertial_publisher.cpp:96:55:[m[K [01;35m[Kwarning: [m[K‘[01m[KRIGHT[m[K’ is deprecated [[01;35m[K-Wdeprecated-declarations[m[K]
     monoRight->setBoardSocket(dai::CameraBoardSocket::[01;35m[KRIGHT[m[K);
                                                       [01;35m[K^~~~~[m[K
In file included from [01m[K/usr/local/include/depthai/device/CalibrationHandler.hpp:5:0[m[K,
                 from [01m[K/usr/local/include/depthai/depthai.hpp:9[m[K,
                 from [01m[K/home/student/catkin_ws/src/depth-ai-avans/depthai_bridge/include/depthai_bridge/BridgePublisher.hpp:11[m[K,
                 from [01m[K/home/student/catkin_ws/src/depth-ai-avans/depthai_examples/src/stereo_inertial_publisher.cpp:17[m[K:
[01m[K/usr/local/include/depthai-shared/common/CameraBoardSocket.hpp:25:5:[m[K [01;36m[Knote: [m[Kdeclared here
     [01;36m[KRIGHT[m[K [[deprecated]] = CAM_C,
     [01;36m[K^~~~~[m[K
[01m[K/home/student/catkin_ws/src/depth-ai-avans/depthai_examples/src/stereo_inertial_publisher.cpp:96:55:[m[K [01;35m[Kwarning: [m[K‘[01m[KRIGHT[m[K’ is deprecated [[01;35m[K-Wdeprecated-declarations[m[K]
     monoRight->setBoardSocket(dai::CameraBoardSocket::[01;35m[KRIGHT[m[K);
                                                       [01;35m[K^~~~~[m[K
In file included from [01m[K/usr/local/include/depthai/device/CalibrationHandler.hpp:5:0[m[K,
                 from [01m[K/usr/local/include/depthai/depthai.hpp:9[m[K,
                 from [01m[K/home/student/catkin_ws/src/depth-ai-avans/depthai_bridge/include/depthai_bridge/BridgePublisher.hpp:11[m[K,
                 from [01m[K/home/student/catkin_ws/src/depth-ai-avans/depthai_examples/src/stereo_inertial_publisher.cpp:17[m[K:
[01m[K/usr/local/include/depthai-shared/common/CameraBoardSocket.hpp:25:5:[m[K [01;36m[Knote: [m[Kdeclared here
     [01;36m[KRIGHT[m[K [[deprecated]] = CAM_C,
     [01;36m[K^~~~~[m[K
[01m[K/home/student/catkin_ws/src/depth-ai-avans/depthai_examples/src/stereo_inertial_publisher.cpp:106:84:[m[K [01;35m[Kwarning: [m[K‘[01m[KRGB[m[K’ is deprecated [[01;35m[K-Wdeprecated-declarations[m[K]
     if(enableDepth && depth_aligned) stereo->setDepthAlign(dai::CameraBoardSocket::[01;35m[KRGB[m[K);
                                                                                    [01;35m[K^~~[m[K
In file included from [01m[K/usr/local/include/depthai/device/CalibrationHandler.hpp:5:0[m[K,
                 from [01m[K/usr/local/include/depthai/depthai.hpp:9[m[K,
                 from [01m[K/home/student/catkin_ws/src/depth-ai-avans/depthai_bridge/include/depthai_bridge/BridgePublisher.hpp:11[m[K,
                 from [01m[K/home/student/catkin_ws/src/depth-ai-avans/depthai_examples/src/stereo_inertial_publisher.cpp:17[m[K:
[01m[K/usr/local/include/depthai-shared/common/CameraBoardSocket.hpp:22:5:[m[K [01;36m[Knote: [m[Kdeclared here
     [01;36m[KRGB[m[K [[deprecated]] = CAM_A,
     [01;36m[K^~~[m[K
[01m[K/home/student/catkin_ws/src/depth-ai-avans/depthai_examples/src/stereo_inertial_publisher.cpp:106:84:[m[K [01;35m[Kwarning: [m[K‘[01m[KRGB[m[K’ is deprecated [[01;35m[K-Wdeprecated-declarations[m[K]
     if(enableDepth && depth_aligned) stereo->setDepthAlign(dai::CameraBoardSocket::[01;35m[KRGB[m[K);
                                                                                    [01;35m[K^~~[m[K
In file included from [01m[K/usr/local/include/depthai/device/CalibrationHandler.hpp:5:0[m[K,
                 from [01m[K/usr/local/include/depthai/depthai.hpp:9[m[K,
                 from [01m[K/home/student/catkin_ws/src/depth-ai-avans/depthai_bridge/include/depthai_bridge/BridgePublisher.hpp:11[m[K,
                 from [01m[K/home/student/catkin_ws/src/depth-ai-avans/depthai_examples/src/stereo_inertial_publisher.cpp:17[m[K:
[01m[K/usr/local/include/depthai-shared/common/CameraBoardSocket.hpp:22:5:[m[K [01;36m[Knote: [m[Kdeclared here
     [01;36m[KRGB[m[K [[deprecated]] = CAM_A,
     [01;36m[K^~~[m[K
[01m[K/home/student/catkin_ws/src/depth-ai-avans/depthai_examples/src/stereo_inertial_publisher.cpp:119:56:[m[K [01;35m[Kwarning: [m[K‘[01m[KRGB[m[K’ is deprecated [[01;35m[K-Wdeprecated-declarations[m[K]
         camRgb->setBoardSocket(dai::CameraBoardSocket::[01;35m[KRGB[m[K);
                                                        [01;35m[K^~~[m[K
In file included from [01m[K/usr/local/include/depthai/device/CalibrationHandler.hpp:5:0[m[K,
                 from [01m[K/usr/local/include/depthai/depthai.hpp:9[m[K,
                 from [01m[K/home/student/catkin_ws/src/depth-ai-avans/depthai_bridge/include/depthai_bridge/BridgePublisher.hpp:11[m[K,
                 from [01m[K/home/student/catkin_ws/src/depth-ai-avans/depthai_examples/src/stereo_inertial_publisher.cpp:17[m[K:
[01m[K/usr/local/include/depthai-shared/common/CameraBoardSocket.hpp:22:5:[m[K [01;36m[Knote: [m[Kdeclared here
     [01;36m[KRGB[m[K [[deprecated]] = CAM_A,
     [01;36m[K^~~[m[K
[01m[K/home/student/catkin_ws/src/depth-ai-avans/depthai_examples/src/stereo_inertial_publisher.cpp:119:56:[m[K [01;35m[Kwarning: [m[K‘[01m[KRGB[m[K’ is deprecated [[01;35m[K-Wdeprecated-declarations[m[K]
         camRgb->setBoardSocket(dai::CameraBoardSocket::[01;35m[KRGB[m[K);
                                                        [01;35m[K^~~[m[K
In file included from [01m[K/usr/local/include/depthai/device/CalibrationHandler.hpp:5:0[m[K,
                 from [01m[K/usr/local/include/depthai/depthai.hpp:9[m[K,
                 from [01m[K/home/student/catkin_ws/src/depth-ai-avans/depthai_bridge/include/depthai_bridge/BridgePublisher.hpp:11[m[K,
                 from [01m[K/home/student/catkin_ws/src/depth-ai-avans/depthai_examples/src/stereo_inertial_publisher.cpp:17[m[K:
[01m[K/usr/local/include/depthai-shared/common/CameraBoardSocket.hpp:22:5:[m[K [01;36m[Knote: [m[Kdeclared here
     [01;36m[KRGB[m[K [[deprecated]] = CAM_A,
     [01;36m[K^~~[m[K
[01m[K/home/student/catkin_ws/src/depth-ai-avans/depthai_examples/src/stereo_inertial_publisher.cpp:[m[K In function ‘[01m[Kint main(int, char**)[m[K’:
[01m[K/home/student/catkin_ws/src/depth-ai-avans/depthai_examples/src/stereo_inertial_publisher.cpp:440:68:[m[K [01;35m[Kwarning: [m[K‘[01m[Kbool dai::DeviceBase::setIrLaserDotProjectorBrightness(float, int)[m[K’ is deprecated: Use setIrLaserDotProjectorIntensity(float intensity) instead. [[01;35m[K-Wdeprecated-declarations[m[K]
             device->setIrLaserDotProjectorBrightness(dotProjectormA[01;35m[K)[m[K;
                                                                    [01;35m[K^[m[K
In file included from [01m[K/usr/local/include/depthai/device/Device.hpp:14:0[m[K,
                 from [01m[K/usr/local/include/depthai/depthai.hpp:10[m[K,
                 from [01m[K/home/student/catkin_ws/src/depth-ai-avans/depthai_bridge/include/depthai_bridge/BridgePublisher.hpp:11[m[K,
                 from [01m[K/home/student/catkin_ws/src/depth-ai-avans/depthai_examples/src/stereo_inertial_publisher.cpp:17[m[K:
[01m[K/usr/local/include/depthai/device/DeviceBase.hpp:509:90:[m[K [01;36m[Knote: [m[Kdeclared here
     [[deprecated("Use setIrLaserDotProjectorIntensity(float intensity) instead.")]] bool [01;36m[KsetIrLaserDotProjectorBrightness[m[K(float mA, int mask = -1);
                                                                                          [01;36m[K^~~~~~~~~~~~~~~~~~~~~~~~~~~~~~~~[m[K
[01m[K/home/student/catkin_ws/src/depth-ai-avans/depthai_examples/src/stereo_inertial_publisher.cpp:444:59:[m[K [01;35m[Kwarning: [m[K‘[01m[Kbool dai::DeviceBase::setIrFloodLightBrightness(float, int)[m[K’ is deprecated: Use setIrFloodLightIntensity(float intensity) instead. [[01;35m[K-Wdeprecated-declarations[m[K]
             device->setIrFloodLightBrightness(floodLightmA[01;35m[K)[m[K;
                                                           [01;35m[K^[m[K
In file included from [01m[K/usr/local/include/depthai/device/Device.hpp:14:0[m[K,
                 from [01m[K/usr/local/include/depthai/depthai.hpp:10[m[K,
                 from [01m[K/home/student/catkin_ws/src/depth-ai-avans/depthai_bridge/include/depthai_bridge/BridgePublisher.hpp:11[m[K,
                 from [01m[K/home/student/catkin_ws/src/depth-ai-avans/depthai_examples/src/stereo_inertial_publisher.cpp:17[m[K:
[01m[K/usr/local/include/depthai/device/DeviceBase.hpp:521:83:[m[K [01;36m[Knote: [m[Kdeclared here
     [[deprecated("Use setIrFloodLightIntensity(float intensity) instead.")]] bool [01;36m[KsetIrFloodLightBrightness[m[K(float mA, int mask = -1);
                                                                                   [01;36m[K^~~~~~~~~~~~~~~~~~~~~~~~~[m[K
[01m[K/home/student/catkin_ws/src/depth-ai-avans/depthai_examples/src/stereo_inertial_publisher.cpp:475:110:[m[K [01;35m[Kwarning: [m[K‘[01m[KRIGHT[m[K’ is deprecated [[01;35m[K-Wdeprecated-declarations[m[K]
         auto rightCameraInfo = converter.calibrationToCameraInfo(calibrationHandler, dai::CameraBoardSocket::[01;35m[KRIGHT[m[K, width, height);
                                                                                                              [01;35m[K^~~~~[m[K
In file included from [01m[K/usr/local/include/depthai/device/CalibrationHandler.hpp:5:0[m[K,
                 from [01m[K/usr/local/include/depthai/depthai.hpp:9[m[K,
                 from [01m[K/home/student/catkin_ws/src/depth-ai-avans/depthai_bridge/include/depthai_bridge/BridgePublisher.hpp:11[m[K,
                 from [01m[K/home/student/catkin_ws/src/depth-ai-avans/depthai_examples/src/stereo_inertial_publisher.cpp:17[m[K:
[01m[K/usr/local/include/depthai-shared/common/CameraBoardSocket.hpp:25:5:[m[K [01;36m[Knote: [m[Kdeclared here
     [01;36m[KRIGHT[m[K [[deprecated]] = CAM_C,
     [01;36m[K^~~~~[m[K
[01m[K/home/student/catkin_ws/src/depth-ai-avans/depthai_examples/src/stereo_inertial_publisher.cpp:475:110:[m[K [01;35m[Kwarning: [m[K‘[01m[KRIGHT[m[K’ is deprecated [[01;35m[K-Wdeprecated-declarations[m[K]
         auto rightCameraInfo = converter.calibrationToCameraInfo(calibrationHandler, dai::CameraBoardSocket::[01;35m[KRIGHT[m[K, width, height);
                                                                                                              [01;35m[K^~~~~[m[K
In file included from [01m[K/usr/local/include/depthai/device/CalibrationHandler.hpp:5:0[m[K,
                 from [01m[K/usr/local/include/depthai/depthai.hpp:9[m[K,
                 from [01m[K/home/student/catkin_ws/src/depth-ai-avans/depthai_bridge/include/depthai_bridge/BridgePublisher.hpp:11[m[K,
                 from [01m[K/home/student/catkin_ws/src/depth-ai-avans/depthai_examples/src/stereo_inertial_publisher.cpp:17[m[K:
[01m[K/usr/local/include/depthai-shared/common/CameraBoardSocket.hpp:25:5:[m[K [01;36m[Knote: [m[Kdeclared here
     [01;36m[KRIGHT[m[K [[deprecated]] = CAM_C,
     [01;36m[K^~~~~[m[K
[01m[K/home/student/catkin_ws/src/depth-ai-avans/depthai_examples/src/stereo_inertial_publisher.cpp:478:110:[m[K [01;35m[Kwarning: [m[K‘[01m[KRGB[m[K’ is deprecated [[01;35m[K-Wdeprecated-declarations[m[K]
             depth_aligned ? rgbConverter.calibrationToCameraInfo(calibrationHandler, dai::CameraBoardSocket::[01;35m[KRGB[m[K, width, height) : rightCameraInfo;
                                                                                                              [01;35m[K^~~[m[K
In file included from [01m[K/usr/local/include/depthai/device/CalibrationHandler.hpp:5:0[m[K,
                 from [01m[K/usr/local/include/depthai/depthai.hpp:9[m[K,
                 from [01m[K/home/student/catkin_ws/src/depth-ai-avans/depthai_bridge/include/depthai_bridge/BridgePublisher.hpp:11[m[K,
                 from [01m[K/home/student/catkin_ws/src/depth-ai-avans/depthai_examples/src/stereo_inertial_publisher.cpp:17[m[K:
[01m[K/usr/local/include/depthai-shared/common/CameraBoardSocket.hpp:22:5:[m[K [01;36m[Knote: [m[Kdeclared here
     [01;36m[KRGB[m[K [[deprecated]] = CAM_A,
     [01;36m[K^~~[m[K
[01m[K/home/student/catkin_ws/src/depth-ai-avans/depthai_examples/src/stereo_inertial_publisher.cpp:478:110:[m[K [01;35m[Kwarning: [m[K‘[01m[KRGB[m[K’ is deprecated [[01;35m[K-Wdeprecated-declarations[m[K]
             depth_aligned ? rgbConverter.calibrationToCameraInfo(calibrationHandler, dai::CameraBoardSocket::[01;35m[KRGB[m[K, width, height) : rightCameraInfo;
                                                                                                              [01;35m[K^~~[m[K
In file included from [01m[K/usr/local/include/depthai/device/CalibrationHandler.hpp:5:0[m[K,
                 from [01m[K/usr/local/include/depthai/depthai.hpp:9[m[K,
                 from [01m[K/home/student/catkin_ws/src/depth-ai-avans/depthai_bridge/include/depthai_bridge/BridgePublisher.hpp:11[m[K,
                 from [01m[K/home/student/catkin_ws/src/depth-ai-avans/depthai_examples/src/stereo_inertial_publisher.cpp:17[m[K:
[01m[K/usr/local/include/depthai-shared/common/CameraBoardSocket.hpp:22:5:[m[K [01;36m[Knote: [m[Kdeclared here
     [01;36m[KRGB[m[K [[deprecated]] = CAM_A,
     [01;36m[K^~~[m[K
[01m[K/home/student/catkin_ws/src/depth-ai-avans/depthai_examples/src/stereo_inertial_publisher.cpp:496:115:[m[K [01;35m[Kwarning: [m[K‘[01m[KRGB[m[K’ is deprecated [[01;35m[K-Wdeprecated-declarations[m[K]
             auto rgbCameraInfo = rgbConverter.calibrationToCameraInfo(calibrationHandler, dai::CameraBoardSocket::[01;35m[KRGB[m[K, width, height);
                                                                                                                   [01;35m[K^~~[m[K
In file included from [01m[K/usr/local/include/depthai/device/CalibrationHandler.hpp:5:0[m[K,
                 from [01m[K/usr/local/include/depthai/depthai.hpp:9[m[K,
                 from [01m[K/home/student/catkin_ws/src/depth-ai-avans/depthai_bridge/include/depthai_bridge/BridgePublisher.hpp:11[m[K,
                 from [01m[K/home/student/catkin_ws/src/depth-ai-avans/depthai_examples/src/stereo_inertial_publisher.cpp:17[m[K:
[01m[K/usr/local/include/depthai-shared/common/CameraBoardSocket.hpp:22:5:[m[K [01;36m[Knote: [m[Kdeclared here
     [01;36m[KRGB[m[K [[deprecated]] = CAM_A,
     [01;36m[K^~~[m[K
[01m[K/home/student/catkin_ws/src/depth-ai-avans/depthai_examples/src/stereo_inertial_publisher.cpp:496:115:[m[K [01;35m[Kwarning: [m[K‘[01m[KRGB[m[K’ is deprecated [[01;35m[K-Wdeprecated-declarations[m[K]
             auto rgbCameraInfo = rgbConverter.calibrationToCameraInfo(calibrationHandler, dai::CameraBoardSocket::[01;35m[KRGB[m[K, width, height);
                                                                                                                   [01;35m[K^~~[m[K
In file included from [01m[K/usr/local/include/depthai/device/CalibrationHandler.hpp:5:0[m[K,
                 from [01m[K/usr/local/include/depthai/depthai.hpp:9[m[K,
                 from [01m[K/home/student/catkin_ws/src/depth-ai-avans/depthai_bridge/include/depthai_bridge/BridgePublisher.hpp:11[m[K,
                 from [01m[K/home/student/catkin_ws/src/depth-ai-avans/depthai_examples/src/stereo_inertial_publisher.cpp:17[m[K:
[01m[K/usr/local/include/depthai-shared/common/CameraBoardSocket.hpp:22:5:[m[K [01;36m[Knote: [m[Kdeclared here
     [01;36m[KRGB[m[K [[deprecated]] = CAM_A,
     [01;36m[K^~~[m[K
[01m[K/home/student/catkin_ws/src/depth-ai-avans/depthai_examples/src/stereo_inertial_publisher.cpp:511:123:[m[K [01;35m[Kwarning: [m[K‘[01m[KRGB[m[K’ is deprecated [[01;35m[K-Wdeprecated-declarations[m[K]
                 auto previewCameraInfo = rgbConverter.calibrationToCameraInfo(calibrationHandler, dai::CameraBoardSocket::[01;35m[KRGB[m[K, previewWidth, previewHeight);
                                                                                                                           [01;35m[K^~~[m[K
In file included from [01m[K/usr/local/include/depthai/device/CalibrationHandler.hpp:5:0[m[K,
                 from [01m[K/usr/local/include/depthai/depthai.hpp:9[m[K,
                 from [01m[K/home/student/catkin_ws/src/depth-ai-avans/depthai_bridge/include/depthai_bridge/BridgePublisher.hpp:11[m[K,
                 from [01m[K/home/student/catkin_ws/src/depth-ai-avans/depthai_examples/src/stereo_inertial_publisher.cpp:17[m[K:
[01m[K/usr/local/include/depthai-shared/common/CameraBoardSocket.hpp:22:5:[m[K [01;36m[Knote: [m[Kdeclared here
     [01;36m[KRGB[m[K [[deprecated]] = CAM_A,
     [01;36m[K^~~[m[K
[01m[K/home/student/catkin_ws/src/depth-ai-avans/depthai_examples/src/stereo_inertial_publisher.cpp:511:123:[m[K [01;35m[Kwarning: [m[K‘[01m[KRGB[m[K’ is deprecated [[01;35m[K-Wdeprecated-declarations[m[K]
                 auto previewCameraInfo = rgbConverter.calibrationToCameraInfo(calibrationHandler, dai::CameraBoardSocket::[01;35m[KRGB[m[K, previewWidth, previewHeight);
                                                                                                                           [01;35m[K^~~[m[K
In file included from [01m[K/usr/local/include/depthai/device/CalibrationHandler.hpp:5:0[m[K,
                 from [01m[K/usr/local/include/depthai/depthai.hpp:9[m[K,
                 from [01m[K/home/student/catkin_ws/src/depth-ai-avans/depthai_bridge/include/depthai_bridge/BridgePublisher.hpp:11[m[K,
                 from [01m[K/home/student/catkin_ws/src/depth-ai-avans/depthai_examples/src/stereo_inertial_publisher.cpp:17[m[K:
[01m[K/usr/local/include/depthai-shared/common/CameraBoardSocket.hpp:22:5:[m[K [01;36m[Knote: [m[Kdeclared here
     [01;36m[KRGB[m[K [[deprecated]] = CAM_A,
     [01;36m[K^~~[m[K
[01m[K/home/student/catkin_ws/src/depth-ai-avans/depthai_examples/src/stereo_inertial_publisher.cpp:536:113:[m[K [01;35m[Kwarning: [m[K‘[01m[KLEFT[m[K’ is deprecated [[01;35m[K-Wdeprecated-declarations[m[K]
             auto leftCameraInfo = converter.calibrationToCameraInfo(calibrationHandler, dai::CameraBoardSocket::[01;35m[KLEFT[m[K, width, height);
                                                                                                                 [01;35m[K^~~~[m[K
In file included from [01m[K/usr/local/include/depthai/device/CalibrationHandler.hpp:5:0[m[K,
                 from [01m[K/usr/local/include/depthai/depthai.hpp:9[m[K,
                 from [01m[K/home/student/catkin_ws/src/depth-ai-avans/depthai_bridge/include/depthai_bridge/BridgePublisher.hpp:11[m[K,
                 from [01m[K/home/student/catkin_ws/src/depth-ai-avans/depthai_examples/src/stereo_inertial_publisher.cpp:17[m[K:
[01m[K/usr/local/include/depthai-shared/common/CameraBoardSocket.hpp:24:5:[m[K [01;36m[Knote: [m[Kdeclared here
     [01;36m[KLEFT[m[K [[deprecated]] = CAM_B,
     [01;36m[K^~~~[m[K
[01m[K/home/student/catkin_ws/src/depth-ai-avans/depthai_examples/src/stereo_inertial_publisher.cpp:536:113:[m[K [01;35m[Kwarning: [m[K‘[01m[KLEFT[m[K’ is deprecated [[01;35m[K-Wdeprecated-declarations[m[K]
             auto leftCameraInfo = converter.calibrationToCameraInfo(calibrationHandler, dai::CameraBoardSocket::[01;35m[KLEFT[m[K, width, height);
                                                                                                                 [01;35m[K^~~~[m[K
In file included from [01m[K/usr/local/include/depthai/device/CalibrationHandler.hpp:5:0[m[K,
                 from [01m[K/usr/local/include/depthai/depthai.hpp:9[m[K,
                 from [01m[K/home/student/catkin_ws/src/depth-ai-avans/depthai_bridge/include/depthai_bridge/BridgePublisher.hpp:11[m[K,
                 from [01m[K/home/student/catkin_ws/src/depth-ai-avans/depthai_examples/src/stereo_inertial_publisher.cpp:17[m[K:
[01m[K/usr/local/include/depthai-shared/common/CameraBoardSocket.hpp:24:5:[m[K [01;36m[Knote: [m[Kdeclared here
     [01;36m[KLEFT[m[K [[deprecated]] = CAM_B,
     [01;36m[K^~~~[m[K
[01m[K/home/student/catkin_ws/src/depth-ai-avans/depthai_examples/src/stereo_inertial_publisher.cpp:537:114:[m[K [01;35m[Kwarning: [m[K‘[01m[KRIGHT[m[K’ is deprecated [[01;35m[K-Wdeprecated-declarations[m[K]
             auto rightCameraInfo = converter.calibrationToCameraInfo(calibrationHandler, dai::CameraBoardSocket::[01;35m[KRIGHT[m[K, width, height);
                                                                                                                  [01;35m[K^~~~~[m[K
In file included from [01m[K/usr/local/include/depthai/device/CalibrationHandler.hpp:5:0[m[K,
                 from [01m[K/usr/local/include/depthai/depthai.hpp:9[m[K,
                 from [01m[K/home/student/catkin_ws/src/depth-ai-avans/depthai_bridge/include/depthai_bridge/BridgePublisher.hpp:11[m[K,
                 from [01m[K/home/student/catkin_ws/src/depth-ai-avans/depthai_examples/src/stereo_inertial_publisher.cpp:17[m[K:
[01m[K/usr/local/include/depthai-shared/common/CameraBoardSocket.hpp:25:5:[m[K [01;36m[Knote: [m[Kdeclared here
     [01;36m[KRIGHT[m[K [[deprecated]] = CAM_C,
     [01;36m[K^~~~~[m[K
[01m[K/home/student/catkin_ws/src/depth-ai-avans/depthai_examples/src/stereo_inertial_publisher.cpp:537:114:[m[K [01;35m[Kwarning: [m[K‘[01m[KRIGHT[m[K’ is deprecated [[01;35m[K-Wdeprecated-declarations[m[K]
             auto rightCameraInfo = converter.calibrationToCameraInfo(calibrationHandler, dai::CameraBoardSocket::[01;35m[KRIGHT[m[K, width, height);
                                                                                                                  [01;35m[K^~~~~[m[K
In file included from [01m[K/usr/local/include/depthai/device/CalibrationHandler.hpp:5:0[m[K,
                 from [01m[K/usr/local/include/depthai/depthai.hpp:9[m[K,
                 from [01m[K/home/student/catkin_ws/src/depth-ai-avans/depthai_bridge/include/depthai_bridge/BridgePublisher.hpp:11[m[K,
                 from [01m[K/home/student/catkin_ws/src/depth-ai-avans/depthai_examples/src/stereo_inertial_publisher.cpp:17[m[K:
[01m[K/usr/local/include/depthai-shared/common/CameraBoardSocket.hpp:25:5:[m[K [01;36m[Knote: [m[Kdeclared here
     [01;36m[KRIGHT[m[K [[deprecated]] = CAM_C,
     [01;36m[K^~~~~[m[K
[01m[K/home/student/catkin_ws/src/depth-ai-avans/depthai_examples/src/stereo_inertial_publisher.cpp:565:110:[m[K [01;35m[Kwarning: [m[K‘[01m[KRIGHT[m[K’ is deprecated [[01;35m[K-Wdeprecated-declarations[m[K]
         auto rightCameraInfo = converter.calibrationToCameraInfo(calibrationHandler, dai::CameraBoardSocket::[01;35m[KRIGHT[m[K, width, height);
                                                                                                              [01;35m[K^~~~~[m[K
In file included from [01m[K/usr/local/include/depthai/device/CalibrationHandler.hpp:5:0[m[K,
                 from [01m[K/usr/local/include/depthai/depthai.hpp:9[m[K,
                 from [01m[K/home/student/catkin_ws/src/depth-ai-avans/depthai_bridge/include/depthai_bridge/BridgePublisher.hpp:11[m[K,
                 from [01m[K/home/student/catkin_ws/src/depth-ai-avans/depthai_examples/src/stereo_inertial_publisher.cpp:17[m[K:
[01m[K/usr/local/include/depthai-shared/common/CameraBoardSocket.hpp:25:5:[m[K [01;36m[Knote: [m[Kdeclared here
     [01;36m[KRIGHT[m[K [[deprecated]] = CAM_C,
     [01;36m[K^~~~~[m[K
[01m[K/home/student/catkin_ws/src/depth-ai-avans/depthai_examples/src/stereo_inertial_publisher.cpp:565:110:[m[K [01;35m[Kwarning: [m[K‘[01m[KRIGHT[m[K’ is deprecated [[01;35m[K-Wdeprecated-declarations[m[K]
         auto rightCameraInfo = converter.calibrationToCameraInfo(calibrationHandler, dai::CameraBoardSocket::[01;35m[KRIGHT[m[K, width, height);
                                                                                                              [01;35m[K^~~~~[m[K
In file included from [01m[K/usr/local/include/depthai/device/CalibrationHandler.hpp:5:0[m[K,
                 from [01m[K/usr/local/include/depthai/depthai.hpp:9[m[K,
                 from [01m[K/home/student/catkin_ws/src/depth-ai-avans/depthai_bridge/include/depthai_bridge/BridgePublisher.hpp:11[m[K,
                 from [01m[K/home/student/catkin_ws/src/depth-ai-avans/depthai_examples/src/stereo_inertial_publisher.cpp:17[m[K:
[01m[K/usr/local/include/depthai-shared/common/CameraBoardSocket.hpp:25:5:[m[K [01;36m[Knote: [m[Kdeclared here
     [01;36m[KRIGHT[m[K [[deprecated]] = CAM_C,
     [01;36m[K^~~~~[m[K
[01m[K/home/student/catkin_ws/src/depth-ai-avans/depthai_examples/src/stereo_inertial_publisher.cpp:567:110:[m[K [01;35m[Kwarning: [m[K‘[01m[KRGB[m[K’ is deprecated [[01;35m[K-Wdeprecated-declarations[m[K]
             depth_aligned ? rgbConverter.calibrationToCameraInfo(calibrationHandler, dai::CameraBoardSocket::[01;35m[KRGB[m[K, width, height) : rightCameraInfo;
                                                                                                              [01;35m[K^~~[m[K
In file included from [01m[K/usr/local/include/depthai/device/CalibrationHandler.hpp:5:0[m[K,
                 from [01m[K/usr/local/include/depthai/depthai.hpp:9[m[K,
                 from [01m[K/home/student/catkin_ws/src/depth-ai-avans/depthai_bridge/include/depthai_bridge/BridgePublisher.hpp:11[m[K,
                 from [01m[K/home/student/catkin_ws/src/depth-ai-avans/depthai_examples/src/stereo_inertial_publisher.cpp:17[m[K:
[01m[K/usr/local/include/depthai-shared/common/CameraBoardSocket.hpp:22:5:[m[K [01;36m[Knote: [m[Kdeclared here
     [01;36m[KRGB[m[K [[deprecated]] = CAM_A,
     [01;36m[K^~~[m[K
[01m[K/home/student/catkin_ws/src/depth-ai-avans/depthai_examples/src/stereo_inertial_publisher.cpp:567:110:[m[K [01;35m[Kwarning: [m[K‘[01m[KRGB[m[K’ is deprecated [[01;35m[K-Wdeprecated-declarations[m[K]
             depth_aligned ? rgbConverter.calibrationToCameraInfo(calibrationHandler, dai::CameraBoardSocket::[01;35m[KRGB[m[K, width, height) : rightCameraInfo;
                                                                                                              [01;35m[K^~~[m[K
In file included from [01m[K/usr/local/include/depthai/device/CalibrationHandler.hpp:5:0[m[K,
                 from [01m[K/usr/local/include/depthai/depthai.hpp:9[m[K,
                 from [01m[K/home/student/catkin_ws/src/depth-ai-avans/depthai_bridge/include/depthai_bridge/BridgePublisher.hpp:11[m[K,
                 from [01m[K/home/student/catkin_ws/src/depth-ai-avans/depthai_examples/src/stereo_inertial_publisher.cpp:17[m[K:
[01m[K/usr/local/include/depthai-shared/common/CameraBoardSocket.hpp:22:5:[m[K [01;36m[Knote: [m[Kdeclared here
     [01;36m[KRGB[m[K [[deprecated]] = CAM_A,
     [01;36m[K^~~[m[K
[01m[K/home/student/catkin_ws/src/depth-ai-avans/depthai_examples/src/stereo_inertial_publisher.cpp:580:115:[m[K [01;35m[Kwarning: [m[K‘[01m[KRGB[m[K’ is deprecated [[01;35m[K-Wdeprecated-declarations[m[K]
             auto rgbCameraInfo = rgbConverter.calibrationToCameraInfo(calibrationHandler, dai::CameraBoardSocket::[01;35m[KRGB[m[K, width, height);
                                                                                                                   [01;35m[K^~~[m[K
In file included from [01m[K/usr/local/include/depthai/device/CalibrationHandler.hpp:5:0[m[K,
                 from [01m[K/usr/local/include/depthai/depthai.hpp:9[m[K,
                 from [01m[K/home/student/catkin_ws/src/depth-ai-avans/depthai_bridge/include/depthai_bridge/BridgePublisher.hpp:11[m[K,
                 from [01m[K/home/student/catkin_ws/src/depth-ai-avans/depthai_examples/src/stereo_inertial_publisher.cpp:17[m[K:
[01m[K/usr/local/include/depthai-shared/common/CameraBoardSocket.hpp:22:5:[m[K [01;36m[Knote: [m[Kdeclared here
     [01;36m[KRGB[m[K [[deprecated]] = CAM_A,
     [01;36m[K^~~[m[K
[01m[K/home/student/catkin_ws/src/depth-ai-avans/depthai_examples/src/stereo_inertial_publisher.cpp:580:115:[m[K [01;35m[Kwarning: [m[K‘[01m[KRGB[m[K’ is deprecated [[01;35m[K-Wdeprecated-declarations[m[K]
             auto rgbCameraInfo = rgbConverter.calibrationToCameraInfo(calibrationHandler, dai::CameraBoardSocket::[01;35m[KRGB[m[K, width, height);
                                                                                                                   [01;35m[K^~~[m[K
In file included from [01m[K/usr/local/include/depthai/device/CalibrationHandler.hpp:5:0[m[K,
                 from [01m[K/usr/local/include/depthai/depthai.hpp:9[m[K,
                 from [01m[K/home/student/catkin_ws/src/depth-ai-avans/depthai_bridge/include/depthai_bridge/BridgePublisher.hpp:11[m[K,
                 from [01m[K/home/student/catkin_ws/src/depth-ai-avans/depthai_examples/src/stereo_inertial_publisher.cpp:17[m[K:
[01m[K/usr/local/include/depthai-shared/common/CameraBoardSocket.hpp:22:5:[m[K [01;36m[Knote: [m[Kdeclared here
     [01;36m[KRGB[m[K [[deprecated]] = CAM_A,
     [01;36m[K^~~[m[K
[01m[K/home/student/catkin_ws/src/depth-ai-avans/depthai_examples/src/stereo_inertial_publisher.cpp:596:123:[m[K [01;35m[Kwarning: [m[K‘[01m[KRGB[m[K’ is deprecated [[01;35m[K-Wdeprecated-declarations[m[K]
                 auto previewCameraInfo = rgbConverter.calibrationToCameraInfo(calibrationHandler, dai::CameraBoardSocket::[01;35m[KRGB[m[K, previewWidth, previewHeight);
                                                                                                                           [01;35m[K^~~[m[K
In file included from [01m[K/usr/local/include/depthai/device/CalibrationHandler.hpp:5:0[m[K,
                 from [01m[K/usr/local/include/depthai/depthai.hpp:9[m[K,
                 from [01m[K/home/student/catkin_ws/src/depth-ai-avans/depthai_bridge/include/depthai_bridge/BridgePublisher.hpp:11[m[K,
                 from [01m[K/home/student/catkin_ws/src/depth-ai-avans/depthai_examples/src/stereo_inertial_publisher.cpp:17[m[K:
[01m[K/usr/local/include/depthai-shared/common/CameraBoardSocket.hpp:22:5:[m[K [01;36m[Knote: [m[Kdeclared here
     [01;36m[KRGB[m[K [[deprecated]] = CAM_A,
     [01;36m[K^~~[m[K
[01m[K/home/student/catkin_ws/src/depth-ai-avans/depthai_examples/src/stereo_inertial_publisher.cpp:596:123:[m[K [01;35m[Kwarning: [m[K‘[01m[KRGB[m[K’ is deprecated [[01;35m[K-Wdeprecated-declarations[m[K]
                 auto previewCameraInfo = rgbConverter.calibrationToCameraInfo(calibrationHandler, dai::CameraBoardSocket::[01;35m[KRGB[m[K, previewWidth, previewHeight);
                                                                                                                           [01;35m[K^~~[m[K
In file included from [01m[K/usr/local/include/depthai/device/CalibrationHandler.hpp:5:0[m[K,
                 from [01m[K/usr/local/include/depthai/depthai.hpp:9[m[K,
                 from [01m[K/home/student/catkin_ws/src/depth-ai-avans/depthai_bridge/include/depthai_bridge/BridgePublisher.hpp:11[m[K,
                 from [01m[K/home/student/catkin_ws/src/depth-ai-avans/depthai_examples/src/stereo_inertial_publisher.cpp:17[m[K:
[01m[K/usr/local/include/depthai-shared/common/CameraBoardSocket.hpp:22:5:[m[K [01;36m[Knote: [m[Kdeclared here
     [01;36m[KRGB[m[K [[deprecated]] = CAM_A,
     [01;36m[K^~~[m[K
[01m[K/home/student/catkin_ws/src/depth-ai-avans/depthai_examples/src/stereo_inertial_publisher.cpp:621:113:[m[K [01;35m[Kwarning: [m[K‘[01m[KLEFT[m[K’ is deprecated [[01;35m[K-Wdeprecated-declarations[m[K]
             auto leftCameraInfo = converter.calibrationToCameraInfo(calibrationHandler, dai::CameraBoardSocket::[01;35m[KLEFT[m[K, width, height);
                                                                                                                 [01;35m[K^~~~[m[K
In file included from [01m[K/usr/local/include/depthai/device/CalibrationHandler.hpp:5:0[m[K,
                 from [01m[K/usr/local/include/depthai/depthai.hpp:9[m[K,
                 from [01m[K/home/student/catkin_ws/src/depth-ai-avans/depthai_bridge/include/depthai_bridge/BridgePublisher.hpp:11[m[K,
                 from [01m[K/home/student/catkin_ws/src/depth-ai-avans/depthai_examples/src/stereo_inertial_publisher.cpp:17[m[K:
[01m[K/usr/local/include/depthai-shared/common/CameraBoardSocket.hpp:24:5:[m[K [01;36m[Knote: [m[Kdeclared here
     [01;36m[KLEFT[m[K [[deprecated]] = CAM_B,
     [01;36m[K^~~~[m[K
[01m[K/home/student/catkin_ws/src/depth-ai-avans/depthai_examples/src/stereo_inertial_publisher.cpp:621:113:[m[K [01;35m[Kwarning: [m[K‘[01m[KLEFT[m[K’ is deprecated [[01;35m[K-Wdeprecated-declarations[m[K]
             auto leftCameraInfo = converter.calibrationToCameraInfo(calibrationHandler, dai::CameraBoardSocket::[01;35m[KLEFT[m[K, width, height);
                                                                                                                 [01;35m[K^~~~[m[K
In file included from [01m[K/usr/local/include/depthai/device/CalibrationHandler.hpp:5:0[m[K,
                 from [01m[K/usr/local/include/depthai/depthai.hpp:9[m[K,
                 from [01m[K/home/student/catkin_ws/src/depth-ai-avans/depthai_bridge/include/depthai_bridge/BridgePublisher.hpp:11[m[K,
                 from [01m[K/home/student/catkin_ws/src/depth-ai-avans/depthai_examples/src/stereo_inertial_publisher.cpp:17[m[K:
[01m[K/usr/local/include/depthai-shared/common/CameraBoardSocket.hpp:24:5:[m[K [01;36m[Knote: [m[Kdeclared here
     [01;36m[KLEFT[m[K [[deprecated]] = CAM_B,
     [01;36m[K^~~~[m[K
[01m[K/home/student/catkin_ws/src/depth-ai-avans/depthai_examples/src/stereo_inertial_publisher.cpp:622:114:[m[K [01;35m[Kwarning: [m[K‘[01m[KRIGHT[m[K’ is deprecated [[01;35m[K-Wdeprecated-declarations[m[K]
             auto rightCameraInfo = converter.calibrationToCameraInfo(calibrationHandler, dai::CameraBoardSocket::[01;35m[KRIGHT[m[K, width, height);
                                                                                                                  [01;35m[K^~~~~[m[K
In file included from [01m[K/usr/local/include/depthai/device/CalibrationHandler.hpp:5:0[m[K,
                 from [01m[K/usr/local/include/depthai/depthai.hpp:9[m[K,
                 from [01m[K/home/student/catkin_ws/src/depth-ai-avans/depthai_bridge/include/depthai_bridge/BridgePublisher.hpp:11[m[K,
                 from [01m[K/home/student/catkin_ws/src/depth-ai-avans/depthai_examples/src/stereo_inertial_publisher.cpp:17[m[K:
[01m[K/usr/local/include/depthai-shared/common/CameraBoardSocket.hpp:25:5:[m[K [01;36m[Knote: [m[Kdeclared here
     [01;36m[KRIGHT[m[K [[deprecated]] = CAM_C,
     [01;36m[K^~~~~[m[K
[01m[K/home/student/catkin_ws/src/depth-ai-avans/depthai_examples/src/stereo_inertial_publisher.cpp:622:114:[m[K [01;35m[Kwarning: [m[K‘[01m[KRIGHT[m[K’ is deprecated [[01;35m[K-Wdeprecated-declarations[m[K]
             auto rightCameraInfo = converter.calibrationToCameraInfo(calibrationHandler, dai::CameraBoardSocket::[01;35m[KRIGHT[m[K, width, height);
                                                                                                                  [01;35m[K^~~~~[m[K
In file included from [01m[K/usr/local/include/depthai/device/CalibrationHandler.hpp:5:0[m[K,
                 from [01m[K/usr/local/include/depthai/depthai.hpp:9[m[K,
                 from [01m[K/home/student/catkin_ws/src/depth-ai-avans/depthai_bridge/include/depthai_bridge/BridgePublisher.hpp:11[m[K,
                 from [01m[K/home/student/catkin_ws/src/depth-ai-avans/depthai_examples/src/stereo_inertial_publisher.cpp:17[m[K:
[01m[K/usr/local/include/depthai-shared/common/CameraBoardSocket.hpp:25:5:[m[K [01;36m[Knote: [m[Kdeclared here
     [01;36m[KRIGHT[m[K [[deprecated]] = CAM_C,
     [01;36m[K^~~~~[m[K
[01m[K/home/student/catkin_ws/src/depth-ai-avans/depthai_examples/src/yolov4_spatial_publisher.cpp:[m[K In function ‘[01m[Kdai::Pipeline createPipeline(bool, bool, std::__cxx11::string, int, int, std::__cxx11::string)[m[K’:
[01m[K/home/student/catkin_ws/src/depth-ai-avans/depthai_examples/src/yolov4_spatial_publisher.cpp:71:54:[m[K [01;35m[Kwarning: [m[K‘[01m[KLEFT[m[K’ is deprecated [[01;35m[K-Wdeprecated-declarations[m[K]
     monoLeft->setBoardSocket(dai::CameraBoardSocket::[01;35m[KLEFT[m[K);
                                                      [01;35m[K^~~~[m[K
In file included from [01m[K/usr/local/include/depthai/common/CameraBoardSocket.hpp:5:0[m[K,
                 from [01m[K/usr/local/include/depthai/pipeline/node/MonoCamera.hpp:5[m[K,
                 from [01m[K/home/student/catkin_ws/src/depth-ai-avans/depthai_examples/src/yolov4_spatial_publisher.cpp:3[m[K:
[01m[K/usr/local/include/depthai-shared/common/CameraBoardSocket.hpp:24:5:[m[K [01;36m[Knote: [m[Kdeclared here
     [01;36m[KLEFT[m[K [[deprecated]] = CAM_B,
     [01;36m[K^~~~[m[K
[01m[K/home/student/catkin_ws/src/depth-ai-avans/depthai_examples/src/yolov4_spatial_publisher.cpp:71:54:[m[K [01;35m[Kwarning: [m[K‘[01m[KLEFT[m[K’ is deprecated [[01;35m[K-Wdeprecated-declarations[m[K]
     monoLeft->setBoardSocket(dai::CameraBoardSocket::[01;35m[KLEFT[m[K);
                                                      [01;35m[K^~~~[m[K
In file included from [01m[K/usr/local/include/depthai/common/CameraBoardSocket.hpp:5:0[m[K,
                 from [01m[K/usr/local/include/depthai/pipeline/node/MonoCamera.hpp:5[m[K,
                 from [01m[K/home/student/catkin_ws/src/depth-ai-avans/depthai_examples/src/yolov4_spatial_publisher.cpp:3[m[K:
[01m[K/usr/local/include/depthai-shared/common/CameraBoardSocket.hpp:24:5:[m[K [01;36m[Knote: [m[Kdeclared here
     [01;36m[KLEFT[m[K [[deprecated]] = CAM_B,
     [01;36m[K^~~~[m[K
[01m[K/home/student/catkin_ws/src/depth-ai-avans/depthai_examples/src/yolov4_spatial_publisher.cpp:73:55:[m[K [01;35m[Kwarning: [m[K‘[01m[KRIGHT[m[K’ is deprecated [[01;35m[K-Wdeprecated-declarations[m[K]
     monoRight->setBoardSocket(dai::CameraBoardSocket::[01;35m[KRIGHT[m[K);
                                                       [01;35m[K^~~~~[m[K
In file included from [01m[K/usr/local/include/depthai/common/CameraBoardSocket.hpp:5:0[m[K,
                 from [01m[K/usr/local/include/depthai/pipeline/node/MonoCamera.hpp:5[m[K,
                 from [01m[K/home/student/catkin_ws/src/depth-ai-avans/depthai_examples/src/yolov4_spatial_publisher.cpp:3[m[K:
[01m[K/usr/local/include/depthai-shared/common/CameraBoardSocket.hpp:25:5:[m[K [01;36m[Knote: [m[Kdeclared here
     [01;36m[KRIGHT[m[K [[deprecated]] = CAM_C,
     [01;36m[K^~~~~[m[K
[01m[K/home/student/catkin_ws/src/depth-ai-avans/depthai_examples/src/yolov4_spatial_publisher.cpp:73:55:[m[K [01;35m[Kwarning: [m[K‘[01m[KRIGHT[m[K’ is deprecated [[01;35m[K-Wdeprecated-declarations[m[K]
     monoRight->setBoardSocket(dai::CameraBoardSocket::[01;35m[KRIGHT[m[K);
                                                       [01;35m[K^~~~~[m[K
In file included from [01m[K/usr/local/include/depthai/common/CameraBoardSocket.hpp:5:0[m[K,
                 from [01m[K/usr/local/include/depthai/pipeline/node/MonoCamera.hpp:5[m[K,
                 from [01m[K/home/student/catkin_ws/src/depth-ai-avans/depthai_examples/src/yolov4_spatial_publisher.cpp:3[m[K:
[01m[K/usr/local/include/depthai-shared/common/CameraBoardSocket.hpp:25:5:[m[K [01;36m[Knote: [m[Kdeclared here
     [01;36m[KRIGHT[m[K [[deprecated]] = CAM_C,
     [01;36m[K^~~~~[m[K
[01m[K/home/student/catkin_ws/src/depth-ai-avans/depthai_examples/src/yolov4_spatial_publisher.cpp:80:51:[m[K [01;35m[Kwarning: [m[K‘[01m[KRGB[m[K’ is deprecated [[01;35m[K-Wdeprecated-declarations[m[K]
     stereo->setDepthAlign(dai::CameraBoardSocket::[01;35m[KRGB[m[K);
                                                   [01;35m[K^~~[m[K
In file included from [01m[K/usr/local/include/depthai/common/CameraBoardSocket.hpp:5:0[m[K,
                 from [01m[K/usr/local/include/depthai/pipeline/node/MonoCamera.hpp:5[m[K,
                 from [01m[K/home/student/catkin_ws/src/depth-ai-avans/depthai_examples/src/yolov4_spatial_publisher.cpp:3[m[K:
[01m[K/usr/local/include/depthai-shared/common/CameraBoardSocket.hpp:22:5:[m[K [01;36m[Knote: [m[Kdeclared here
     [01;36m[KRGB[m[K [[deprecated]] = CAM_A,
     [01;36m[K^~~[m[K
[01m[K/home/student/catkin_ws/src/depth-ai-avans/depthai_examples/src/yolov4_spatial_publisher.cpp:80:51:[m[K [01;35m[Kwarning: [m[K‘[01m[KRGB[m[K’ is deprecated [[01;35m[K-Wdeprecated-declarations[m[K]
     stereo->setDepthAlign(dai::CameraBoardSocket::[01;35m[KRGB[m[K);
                                                   [01;35m[K^~~[m[K
In file included from [01m[K/usr/local/include/depthai/common/CameraBoardSocket.hpp:5:0[m[K,
                 from [01m[K/usr/local/include/depthai/pipeline/node/MonoCamera.hpp:5[m[K,
                 from [01m[K/home/student/catkin_ws/src/depth-ai-avans/depthai_examples/src/yolov4_spatial_publisher.cpp:3[m[K:
[01m[K/usr/local/include/depthai-shared/common/CameraBoardSocket.hpp:22:5:[m[K [01;36m[Knote: [m[Kdeclared here
     [01;36m[KRGB[m[K [[deprecated]] = CAM_A,
     [01;36m[K^~~[m[K
[01m[K/home/student/catkin_ws/src/depth-ai-avans/depthai_examples/src/yolov4_spatial_publisher.cpp:[m[K In function ‘[01m[Kint main(int, char**)[m[K’:
[01m[K/home/student/catkin_ws/src/depth-ai-avans/depthai_examples/src/yolov4_spatial_publisher.cpp:183:107:[m[K [01;35m[Kwarning: [m[K‘[01m[KRGB[m[K’ is deprecated [[01;35m[K-Wdeprecated-declarations[m[K]
     auto rgbCameraInfo = rgbConverter.calibrationToCameraInfo(calibrationHandler, dai::CameraBoardSocket::[01;35m[KRGB[m[K, 416, 416);
                                                                                                           [01;35m[K^~~[m[K
In file included from [01m[K/usr/local/include/depthai/common/CameraBoardSocket.hpp:5:0[m[K,
                 from [01m[K/usr/local/include/depthai/pipeline/node/MonoCamera.hpp:5[m[K,
                 from [01m[K/home/student/catkin_ws/src/depth-ai-avans/depthai_examples/src/yolov4_spatial_publisher.cpp:3[m[K:
[01m[K/usr/local/include/depthai-shared/common/CameraBoardSocket.hpp:22:5:[m[K [01;36m[Knote: [m[Kdeclared here
     [01;36m[KRGB[m[K [[deprecated]] = CAM_A,
     [01;36m[K^~~[m[K
[01m[K/home/student/catkin_ws/src/depth-ai-avans/depthai_examples/src/yolov4_spatial_publisher.cpp:183:107:[m[K [01;35m[Kwarning: [m[K‘[01m[KRGB[m[K’ is deprecated [[01;35m[K-Wdeprecated-declarations[m[K]
     auto rgbCameraInfo = rgbConverter.calibrationToCameraInfo(calibrationHandler, dai::CameraBoardSocket::[01;35m[KRGB[m[K, 416, 416);
                                                                                                           [01;35m[K^~~[m[K
In file included from [01m[K/usr/local/include/depthai/common/CameraBoardSocket.hpp:5:0[m[K,
                 from [01m[K/usr/local/include/depthai/pipeline/node/MonoCamera.hpp:5[m[K,
                 from [01m[K/home/student/catkin_ws/src/depth-ai-avans/depthai_examples/src/yolov4_spatial_publisher.cpp:3[m[K:
[01m[K/usr/local/include/depthai-shared/common/CameraBoardSocket.hpp:22:5:[m[K [01;36m[Knote: [m[Kdeclared here
     [01;36m[KRGB[m[K [[deprecated]] = CAM_A,
     [01;36m[K^~~[m[K
[01m[K/home/student/catkin_ws/src/depth-ai-avans/depthai_examples/src/yolov4_spatial_publisher.cpp:206:111:[m[K [01;35m[Kwarning: [m[K‘[01m[KRIGHT[m[K’ is deprecated [[01;35m[K-Wdeprecated-declarations[m[K]
     auto rightCameraInfo = depthConverter.calibrationToCameraInfo(calibrationHandler, dai::CameraBoardSocket::[01;35m[KRIGHT[m[K, width, height);
                                                                                                               [01;35m[K^~~~~[m[K
In file included from [01m[K/usr/local/include/depthai/common/CameraBoardSocket.hpp:5:0[m[K,
                 from [01m[K/usr/local/include/depthai/pipeline/node/MonoCamera.hpp:5[m[K,
                 from [01m[K/home/student/catkin_ws/src/depth-ai-avans/depthai_examples/src/yolov4_spatial_publisher.cpp:3[m[K:
[01m[K/usr/local/include/depthai-shared/common/CameraBoardSocket.hpp:25:5:[m[K [01;36m[Knote: [m[Kdeclared here
     [01;36m[KRIGHT[m[K [[deprecated]] = CAM_C,
     [01;36m[K^~~~~[m[K
[01m[K/home/student/catkin_ws/src/depth-ai-avans/depthai_examples/src/yolov4_spatial_publisher.cpp:206:111:[m[K [01;35m[Kwarning: [m[K‘[01m[KRIGHT[m[K’ is deprecated [[01;35m[K-Wdeprecated-declarations[m[K]
     auto rightCameraInfo = depthConverter.calibrationToCameraInfo(calibrationHandler, dai::CameraBoardSocket::[01;35m[KRIGHT[m[K, width, height);
                                                                                                               [01;35m[K^~~~~[m[K
In file included from [01m[K/usr/local/include/depthai/common/CameraBoardSocket.hpp:5:0[m[K,
                 from [01m[K/usr/local/include/depthai/pipeline/node/MonoCamera.hpp:5[m[K,
                 from [01m[K/home/student/catkin_ws/src/depth-ai-avans/depthai_examples/src/yolov4_spatial_publisher.cpp:3[m[K:
[01m[K/usr/local/include/depthai-shared/common/CameraBoardSocket.hpp:25:5:[m[K [01;36m[Knote: [m[Kdeclared here
     [01;36m[KRIGHT[m[K [[deprecated]] = CAM_C,
     [01;36m[K^~~~~[m[K
[01m[K/home/student/catkin_ws/src/depth-ai-avans/depthai_examples/src/stereo_publisher.cpp:[m[K In function ‘[01m[Kstd::tuple<dai::Pipeline, int, int> createPipeline(bool, bool, bool, bool, int, int, std::__cxx11::string)[m[K’:
[01m[K/home/student/catkin_ws/src/depth-ai-avans/depthai_examples/src/stereo_publisher.cpp:65:54:[m[K [01;35m[Kwarning: [m[K‘[01m[KLEFT[m[K’ is deprecated [[01;35m[K-Wdeprecated-declarations[m[K]
     monoLeft->setBoardSocket(dai::CameraBoardSocket::[01;35m[KLEFT[m[K);
                                                      [01;35m[K^~~~[m[K
In file included from [01m[K/usr/local/include/depthai/device/CalibrationHandler.hpp:5:0[m[K,
                 from [01m[K/usr/local/include/depthai/depthai.hpp:9[m[K,
                 from [01m[K/home/student/catkin_ws/src/depth-ai-avans/depthai_bridge/include/depthai_bridge/BridgePublisher.hpp:11[m[K,
                 from [01m[K/home/student/catkin_ws/src/depth-ai-avans/depthai_examples/src/stereo_publisher.cpp:14[m[K:
[01m[K/usr/local/include/depthai-shared/common/CameraBoardSocket.hpp:24:5:[m[K [01;36m[Knote: [m[Kdeclared here
     [01;36m[KLEFT[m[K [[deprecated]] = CAM_B,
     [01;36m[K^~~~[m[K
[01m[K/home/student/catkin_ws/src/depth-ai-avans/depthai_examples/src/stereo_publisher.cpp:65:54:[m[K [01;35m[Kwarning: [m[K‘[01m[KLEFT[m[K’ is deprecated [[01;35m[K-Wdeprecated-declarations[m[K]
     monoLeft->setBoardSocket(dai::CameraBoardSocket::[01;35m[KLEFT[m[K);
                                                      [01;35m[K^~~~[m[K
In file included from [01m[K/usr/local/include/depthai/device/CalibrationHandler.hpp:5:0[m[K,
                 from [01m[K/usr/local/include/depthai/depthai.hpp:9[m[K,
                 from [01m[K/home/student/catkin_ws/src/depth-ai-avans/depthai_bridge/include/depthai_bridge/BridgePublisher.hpp:11[m[K,
                 from [01m[K/home/student/catkin_ws/src/depth-ai-avans/depthai_examples/src/stereo_publisher.cpp:14[m[K:
[01m[K/usr/local/include/depthai-shared/common/CameraBoardSocket.hpp:24:5:[m[K [01;36m[Knote: [m[Kdeclared here
     [01;36m[KLEFT[m[K [[deprecated]] = CAM_B,
     [01;36m[K^~~~[m[K
[01m[K/home/student/catkin_ws/src/depth-ai-avans/depthai_examples/src/stereo_publisher.cpp:67:55:[m[K [01;35m[Kwarning: [m[K‘[01m[KRIGHT[m[K’ is deprecated [[01;35m[K-Wdeprecated-declarations[m[K]
     monoRight->setBoardSocket(dai::CameraBoardSocket::[01;35m[KRIGHT[m[K);
                                                       [01;35m[K^~~~~[m[K
In file included from [01m[K/usr/local/include/depthai/device/CalibrationHandler.hpp:5:0[m[K,
                 from [01m[K/usr/local/include/depthai/depthai.hpp:9[m[K,
                 from [01m[K/home/student/catkin_ws/src/depth-ai-avans/depthai_bridge/include/depthai_bridge/BridgePublisher.hpp:11[m[K,
                 from [01m[K/home/student/catkin_ws/src/depth-ai-avans/depthai_examples/src/stereo_publisher.cpp:14[m[K:
[01m[K/usr/local/include/depthai-shared/common/CameraBoardSocket.hpp:25:5:[m[K [01;36m[Knote: [m[Kdeclared here
     [01;36m[KRIGHT[m[K [[deprecated]] = CAM_C,
     [01;36m[K^~~~~[m[K
[01m[K/home/student/catkin_ws/src/depth-ai-avans/depthai_examples/src/stereo_publisher.cpp:67:55:[m[K [01;35m[Kwarning: [m[K‘[01m[KRIGHT[m[K’ is deprecated [[01;35m[K-Wdeprecated-declarations[m[K]
     monoRight->setBoardSocket(dai::CameraBoardSocket::[01;35m[KRIGHT[m[K);
                                                       [01;35m[K^~~~~[m[K
In file included from [01m[K/usr/local/include/depthai/device/CalibrationHandler.hpp:5:0[m[K,
                 from [01m[K/usr/local/include/depthai/depthai.hpp:9[m[K,
                 from [01m[K/home/student/catkin_ws/src/depth-ai-avans/depthai_bridge/include/depthai_bridge/BridgePublisher.hpp:11[m[K,
                 from [01m[K/home/student/catkin_ws/src/depth-ai-avans/depthai_examples/src/stereo_publisher.cpp:14[m[K:
[01m[K/usr/local/include/depthai-shared/common/CameraBoardSocket.hpp:25:5:[m[K [01;36m[Knote: [m[Kdeclared here
     [01;36m[KRIGHT[m[K [[deprecated]] = CAM_C,
     [01;36m[K^~~~~[m[K
[01m[K/home/student/catkin_ws/src/depth-ai-avans/depthai_examples/src/stereo_publisher.cpp:[m[K In function ‘[01m[Kint main(int, char**)[m[K’:
[01m[K/home/student/catkin_ws/src/depth-ai-avans/depthai_examples/src/stereo_publisher.cpp:149:105:[m[K [01;35m[Kwarning: [m[K‘[01m[KLEFT[m[K’ is deprecated [[01;35m[K-Wdeprecated-declarations[m[K]
     auto leftCameraInfo = converter.calibrationToCameraInfo(calibrationHandler, dai::CameraBoardSocket::[01;35m[KLEFT[m[K, monoWidth, monoHeight);
                                                                                                         [01;35m[K^~~~[m[K
In file included from [01m[K/usr/local/include/depthai/device/CalibrationHandler.hpp:5:0[m[K,
                 from [01m[K/usr/local/include/depthai/depthai.hpp:9[m[K,
                 from [01m[K/home/student/catkin_ws/src/depth-ai-avans/depthai_bridge/include/depthai_bridge/BridgePublisher.hpp:11[m[K,
                 from [01m[K/home/student/catkin_ws/src/depth-ai-avans/depthai_examples/src/stereo_publisher.cpp:14[m[K:
[01m[K/usr/local/include/depthai-shared/common/CameraBoardSocket.hpp:24:5:[m[K [01;36m[Knote: [m[Kdeclared here
     [01;36m[KLEFT[m[K [[deprecated]] = CAM_B,
     [01;36m[K^~~~[m[K
[01m[K/home/student/catkin_ws/src/depth-ai-avans/depthai_examples/src/stereo_publisher.cpp:149:105:[m[K [01;35m[Kwarning: [m[K‘[01m[KLEFT[m[K’ is deprecated [[01;35m[K-Wdeprecated-declarations[m[K]
     auto leftCameraInfo = converter.calibrationToCameraInfo(calibrationHandler, dai::CameraBoardSocket::[01;35m[KLEFT[m[K, monoWidth, monoHeight);
                                                                                                         [01;35m[K^~~~[m[K
In file included from [01m[K/usr/local/include/depthai/device/CalibrationHandler.hpp:5:0[m[K,
                 from [01m[K/usr/local/include/depthai/depthai.hpp:9[m[K,
                 from [01m[K/home/student/catkin_ws/src/depth-ai-avans/depthai_bridge/include/depthai_bridge/BridgePublisher.hpp:11[m[K,
                 from [01m[K/home/student/catkin_ws/src/depth-ai-avans/depthai_examples/src/stereo_publisher.cpp:14[m[K:
[01m[K/usr/local/include/depthai-shared/common/CameraBoardSocket.hpp:24:5:[m[K [01;36m[Knote: [m[Kdeclared here
     [01;36m[KLEFT[m[K [[deprecated]] = CAM_B,
     [01;36m[K^~~~[m[K
[01m[K/home/student/catkin_ws/src/depth-ai-avans/depthai_examples/src/stereo_publisher.cpp:162:106:[m[K [01;35m[Kwarning: [m[K‘[01m[KRIGHT[m[K’ is deprecated [[01;35m[K-Wdeprecated-declarations[m[K]
     auto rightCameraInfo = converter.calibrationToCameraInfo(calibrationHandler, dai::CameraBoardSocket::[01;35m[KRIGHT[m[K, monoWidth, monoHeight);
                                                                                                          [01;35m[K^~~~~[m[K
In file included from [01m[K/usr/local/include/depthai/device/CalibrationHandler.hpp:5:0[m[K,
                 from [01m[K/usr/local/include/depthai/depthai.hpp:9[m[K,
                 from [01m[K/home/student/catkin_ws/src/depth-ai-avans/depthai_bridge/include/depthai_bridge/BridgePublisher.hpp:11[m[K,
                 from [01m[K/home/student/catkin_ws/src/depth-ai-avans/depthai_examples/src/stereo_publisher.cpp:14[m[K:
[01m[K/usr/local/include/depthai-shared/common/CameraBoardSocket.hpp:25:5:[m[K [01;36m[Knote: [m[Kdeclared here
     [01;36m[KRIGHT[m[K [[deprecated]] = CAM_C,
     [01;36m[K^~~~~[m[K
[01m[K/home/student/catkin_ws/src/depth-ai-avans/depthai_examples/src/stereo_publisher.cpp:162:106:[m[K [01;35m[Kwarning: [m[K‘[01m[KRIGHT[m[K’ is deprecated [[01;35m[K-Wdeprecated-declarations[m[K]
     auto rightCameraInfo = converter.calibrationToCameraInfo(calibrationHandler, dai::CameraBoardSocket::[01;35m[KRIGHT[m[K, monoWidth, monoHeight);
                                                                                                          [01;35m[K^~~~~[m[K
In file included from [01m[K/usr/local/include/depthai/device/CalibrationHandler.hpp:5:0[m[K,
                 from [01m[K/usr/local/include/depthai/depthai.hpp:9[m[K,
                 from [01m[K/home/student/catkin_ws/src/depth-ai-avans/depthai_bridge/include/depthai_bridge/BridgePublisher.hpp:11[m[K,
                 from [01m[K/home/student/catkin_ws/src/depth-ai-avans/depthai_examples/src/stereo_publisher.cpp:14[m[K:
[01m[K/usr/local/include/depthai-shared/common/CameraBoardSocket.hpp:25:5:[m[K [01;36m[Knote: [m[Kdeclared here
     [01;36m[KRIGHT[m[K [[deprecated]] = CAM_C,
     [01;36m[K^~~~~[m[K
